[  +57 ms] Artifact Instance of 'AndroidGenSnapshotArtifacts' is not required, skipping update.
[   +2 ms] Artifact Instance of 'AndroidInternalBuildArtifacts' is not required, skipping update.
[        ] Artifact Instance of 'IOSEngineArtifacts' is not required, skipping update.
[        ] Artifact Instance of 'FlutterWebSdk' is not required, skipping update.
[        ] Artifact Instance of 'LegacyCanvasKitRemover' is not required, skipping update.
[   +1 ms] Artifact Instance of 'WindowsEngineArtifacts' is not required, skipping update.
[        ] Artifact Instance of 'MacOSEngineArtifacts' is not required, skipping update.
[        ] Artifact Instance of 'LinuxEngineArtifacts' is not required, skipping update.
[        ] Artifact Instance of 'LinuxFuchsiaSDKArtifacts' is not required, skipping update.
[        ] Artifact Instance of 'MacOSFuchsiaSDKArtifacts' is not required, skipping update.
[        ] Artifact Instance of 'FlutterRunnerSDKArtifacts' is not required, skipping update.
[        ] Artifact Instance of 'FlutterRunnerDebugSymbols' is not required, skipping update.
[  +27 ms] Artifact Instance of 'MaterialFonts' is not required, skipping update.
[        ] Artifact Instance of 'GradleWrapper' is not required, skipping update.
[   +1 ms] Artifact Instance of 'AndroidInternalBuildArtifacts' is not required, skipping update.
[        ] Artifact Instance of 'IOSEngineArtifacts' is not required, skipping update.
[        ] Artifact Instance of 'FlutterWebSdk' is not required, skipping update.
[        ] Artifact Instance of 'LegacyCanvasKitRemover' is not required, skipping update.
[        ] Artifact Instance of 'FlutterSdk' is not required, skipping update.
[        ] Artifact Instance of 'WindowsEngineArtifacts' is not required, skipping update.
[        ] Artifact Instance of 'MacOSEngineArtifacts' is not required, skipping update.
[        ] Artifact Instance of 'LinuxEngineArtifacts' is not required, skipping update.
[        ] Artifact Instance of 'LinuxFuchsiaSDKArtifacts' is not required, skipping update.
[        ] Artifact Instance of 'MacOSFuchsiaSDKArtifacts' is not required, skipping update.
[        ] Artifact Instance of 'FlutterRunnerSDKArtifacts' is not required, skipping update.
[        ] Artifact Instance of 'FlutterRunnerDebugSymbols' is not required, skipping update.
[        ] Artifact Instance of 'IosUsbArtifacts' is not required, skipping update.
[        ] Artifact Instance of 'IosUsbArtifacts' is not required, skipping update.
[        ] Artifact Instance of 'IosUsbArtifacts' is not required, skipping update.
[        ] Artifact Instance of 'IosUsbArtifacts' is not required, skipping update.
[        ] Artifact Instance of 'IosUsbArtifacts' is not required, skipping update.
[        ] Artifact Instance of 'FontSubsetArtifacts' is not required, skipping update.
[        ] Artifact Instance of 'PubDependencies' is not required, skipping update.
[  +73 ms] Skipping pub get: version match.
[  +25 ms] Found plugin app_links at C:\Users\jtm02\AppData\Local\Pub\Cache\hosted\pub.dev\app_links-6.4.1\
[   +3 ms] Found plugin app_links_linux at C:\Users\jtm02\AppData\Local\Pub\Cache\hosted\pub.dev\app_links_linux-1.0.3\
[   +2 ms] Found plugin app_links_web at C:\Users\jtm02\AppData\Local\Pub\Cache\hosted\pub.dev\app_links_web-1.0.4\
[   +4 ms] Found plugin audioplayers at C:\Users\jtm02\AppData\Local\Pub\Cache\hosted\pub.dev\audioplayers-6.4.0\
[   +2 ms] Found plugin audioplayers_android at C:\Users\jtm02\AppData\Local\Pub\Cache\hosted\pub.dev\audioplayers_android-5.2.0\
[   +1 ms] Found plugin audioplayers_darwin at C:\Users\jtm02\AppData\Local\Pub\Cache\hosted\pub.dev\audioplayers_darwin-6.2.0\
[   +1 ms] Found plugin audioplayers_linux at C:\Users\jtm02\AppData\Local\Pub\Cache\hosted\pub.dev\audioplayers_linux-4.2.0\
[   +2 ms] Found plugin audioplayers_web at C:\Users\jtm02\AppData\Local\Pub\Cache\hosted\pub.dev\audioplayers_web-5.1.0\
[   +1 ms] Found plugin audioplayers_windows at C:\Users\jtm02\AppData\Local\Pub\Cache\hosted\pub.dev\audioplayers_windows-4.2.0\
[  +45 ms] Found plugin google_mobile_ads at C:\Users\jtm02\AppData\Local\Pub\Cache\hosted\pub.dev\google_mobile_ads-5.3.1\
[   +2 ms] Found plugin gtk at C:\Users\jtm02\AppData\Local\Pub\Cache\hosted\pub.dev\gtk-2.1.0\
[  +17 ms] Found plugin path_provider at C:\Users\jtm02\AppData\Local\Pub\Cache\hosted\pub.dev\path_provider-2.1.5\
[   +2 ms] Found plugin path_provider_android at C:\Users\jtm02\AppData\Local\Pub\Cache\hosted\pub.dev\path_provider_android-2.2.15\
[   +1 ms] Found plugin path_provider_foundation at C:\Users\jtm02\AppData\Local\Pub\Cache\hosted\pub.dev\path_provider_foundation-2.4.1\
[        ] Found plugin path_provider_linux at C:\Users\jtm02\AppData\Local\Pub\Cache\hosted\pub.dev\path_provider_linux-2.2.1\
[   +1 ms] Found plugin path_provider_windows at C:\Users\jtm02\AppData\Local\Pub\Cache\hosted\pub.dev\path_provider_windows-2.3.0\
[  +10 ms] Found plugin shared_preferences at C:\Users\jtm02\AppData\Local\Pub\Cache\hosted\pub.dev\shared_preferences-2.5.3\
[   +1 ms] Found plugin shared_preferences_android at C:\Users\jtm02\AppData\Local\Pub\Cache\hosted\pub.dev\shared_preferences_android-2.4.7\
[        ] Found plugin shared_preferences_foundation at C:\Users\jtm02\AppData\Local\Pub\Cache\hosted\pub.dev\shared_preferences_foundation-2.5.4\
[   +1 ms] Found plugin shared_preferences_linux at C:\Users\jtm02\AppData\Local\Pub\Cache\hosted\pub.dev\shared_preferences_linux-2.4.1\
[   +1 ms] Found plugin shared_preferences_web at C:\Users\jtm02\AppData\Local\Pub\Cache\hosted\pub.dev\shared_preferences_web-2.4.3\
[        ] Found plugin shared_preferences_windows at C:\Users\jtm02\AppData\Local\Pub\Cache\hosted\pub.dev\shared_preferences_windows-2.4.1\
[   +5 ms] Found plugin sqflite at C:\Users\jtm02\AppData\Local\Pub\Cache\hosted\pub.dev\sqflite-2.4.1\
[   +1 ms] Found plugin sqflite_android at C:\Users\jtm02\AppData\Local\Pub\Cache\hosted\pub.dev\sqflite_android-2.4.0\
[   +2 ms] Found plugin sqflite_darwin at C:\Users\jtm02\AppData\Local\Pub\Cache\hosted\pub.dev\sqflite_darwin-2.4.1+1\
[  +10 ms] Found plugin url_launcher at C:\Users\jtm02\AppData\Local\Pub\Cache\hosted\pub.dev\url_launcher-6.3.1\
[   +1 ms] Found plugin url_launcher_android at C:\Users\jtm02\AppData\Local\Pub\Cache\hosted\pub.dev\url_launcher_android-6.3.14\
[   +1 ms] Found plugin url_launcher_ios at C:\Users\jtm02\AppData\Local\Pub\Cache\hosted\pub.dev\url_launcher_ios-6.3.3\
[        ] Found plugin url_launcher_linux at C:\Users\jtm02\AppData\Local\Pub\Cache\hosted\pub.dev\url_launcher_linux-3.2.1\
[   +1 ms] Found plugin url_launcher_macos at C:\Users\jtm02\AppData\Local\Pub\Cache\hosted\pub.dev\url_launcher_macos-3.2.2\
[   +1 ms] Found plugin url_launcher_web at C:\Users\jtm02\AppData\Local\Pub\Cache\hosted\pub.dev\url_launcher_web-2.3.3\
[        ] Found plugin url_launcher_windows at C:\Users\jtm02\AppData\Local\Pub\Cache\hosted\pub.dev\url_launcher_windows-3.1.4\
[   +5 ms] Found plugin webview_flutter at C:\Users\jtm02\AppData\Local\Pub\Cache\hosted\pub.dev\webview_flutter-4.10.0\
[        ] Found plugin webview_flutter_android at C:\Users\jtm02\AppData\Local\Pub\Cache\hosted\pub.dev\webview_flutter_android-4.3.2\
[   +1 ms] Found plugin webview_flutter_wkwebview at C:\Users\jtm02\AppData\Local\Pub\Cache\hosted\pub.dev\webview_flutter_wkwebview-3.22.0\
[  +30 ms] Found plugin app_links at C:\Users\jtm02\AppData\Local\Pub\Cache\hosted\pub.dev\app_links-6.4.1\
[   +1 ms] Found plugin app_links_linux at C:\Users\jtm02\AppData\Local\Pub\Cache\hosted\pub.dev\app_links_linux-1.0.3\
[   +1 ms] Found plugin app_links_web at C:\Users\jtm02\AppData\Local\Pub\Cache\hosted\pub.dev\app_links_web-1.0.4\
[   +4 ms] Found plugin audioplayers at C:\Users\jtm02\AppData\Local\Pub\Cache\hosted\pub.dev\audioplayers-6.4.0\
[        ] Found plugin audioplayers_android at C:\Users\jtm02\AppData\Local\Pub\Cache\hosted\pub.dev\audioplayers_android-5.2.0\
[        ] Found plugin audioplayers_darwin at C:\Users\jtm02\AppData\Local\Pub\Cache\hosted\pub.dev\audioplayers_darwin-6.2.0\
[        ] Found plugin audioplayers_linux at C:\Users\jtm02\AppData\Local\Pub\Cache\hosted\pub.dev\audioplayers_linux-4.2.0\
[   +1 ms] Found plugin audioplayers_web at C:\Users\jtm02\AppData\Local\Pub\Cache\hosted\pub.dev\audioplayers_web-5.1.0\
[   +1 ms] Found plugin audioplayers_windows at C:\Users\jtm02\AppData\Local\Pub\Cache\hosted\pub.dev\audioplayers_windows-4.2.0\
[  +22 ms] Found plugin google_mobile_ads at C:\Users\jtm02\AppData\Local\Pub\Cache\hosted\pub.dev\google_mobile_ads-5.3.1\
[   +2 ms] Found plugin gtk at C:\Users\jtm02\AppData\Local\Pub\Cache\hosted\pub.dev\gtk-2.1.0\
[  +11 ms] Found plugin path_provider at C:\Users\jtm02\AppData\Local\Pub\Cache\hosted\pub.dev\path_provider-2.1.5\
[        ] Found plugin path_provider_android at C:\Users\jtm02\AppData\Local\Pub\Cache\hosted\pub.dev\path_provider_android-2.2.15\
[        ] Found plugin path_provider_foundation at C:\Users\jtm02\AppData\Local\Pub\Cache\hosted\pub.dev\path_provider_foundation-2.4.1\
[        ] Found plugin path_provider_linux at C:\Users\jtm02\AppData\Local\Pub\Cache\hosted\pub.dev\path_provider_linux-2.2.1\
[        ] Found plugin path_provider_windows at C:\Users\jtm02\AppData\Local\Pub\Cache\hosted\pub.dev\path_provider_windows-2.3.0\
[   +9 ms] Found plugin shared_preferences at C:\Users\jtm02\AppData\Local\Pub\Cache\hosted\pub.dev\shared_preferences-2.5.3\
[        ] Found plugin shared_preferences_android at C:\Users\jtm02\AppData\Local\Pub\Cache\hosted\pub.dev\shared_preferences_android-2.4.7\
[        ] Found plugin shared_preferences_foundation at C:\Users\jtm02\AppData\Local\Pub\Cache\hosted\pub.dev\shared_preferences_foundation-2.5.4\
[        ] Found plugin shared_preferences_linux at C:\Users\jtm02\AppData\Local\Pub\Cache\hosted\pub.dev\shared_preferences_linux-2.4.1\
[   +1 ms] Found plugin shared_preferences_web at C:\Users\jtm02\AppData\Local\Pub\Cache\hosted\pub.dev\shared_preferences_web-2.4.3\
[        ] Found plugin shared_preferences_windows at C:\Users\jtm02\AppData\Local\Pub\Cache\hosted\pub.dev\shared_preferences_windows-2.4.1\
[   +2 ms] Found plugin sqflite at C:\Users\jtm02\AppData\Local\Pub\Cache\hosted\pub.dev\sqflite-2.4.1\
[        ] Found plugin sqflite_android at C:\Users\jtm02\AppData\Local\Pub\Cache\hosted\pub.dev\sqflite_android-2.4.0\
[   +2 ms] Found plugin sqflite_darwin at C:\Users\jtm02\AppData\Local\Pub\Cache\hosted\pub.dev\sqflite_darwin-2.4.1+1\
[   +7 ms] Found plugin url_launcher at C:\Users\jtm02\AppData\Local\Pub\Cache\hosted\pub.dev\url_launcher-6.3.1\
[        ] Found plugin url_launcher_android at C:\Users\jtm02\AppData\Local\Pub\Cache\hosted\pub.dev\url_launcher_android-6.3.14\
[        ] Found plugin url_launcher_ios at C:\Users\jtm02\AppData\Local\Pub\Cache\hosted\pub.dev\url_launcher_ios-6.3.3\
[        ] Found plugin url_launcher_linux at C:\Users\jtm02\AppData\Local\Pub\Cache\hosted\pub.dev\url_launcher_linux-3.2.1\
[        ] Found plugin url_launcher_macos at C:\Users\jtm02\AppData\Local\Pub\Cache\hosted\pub.dev\url_launcher_macos-3.2.2\
[   +1 ms] Found plugin url_launcher_web at C:\Users\jtm02\AppData\Local\Pub\Cache\hosted\pub.dev\url_launcher_web-2.3.3\
[        ] Found plugin url_launcher_windows at C:\Users\jtm02\AppData\Local\Pub\Cache\hosted\pub.dev\url_launcher_windows-3.1.4\
[   +6 ms] Found plugin webview_flutter at C:\Users\jtm02\AppData\Local\Pub\Cache\hosted\pub.dev\webview_flutter-4.10.0\
[        ] Found plugin webview_flutter_android at C:\Users\jtm02\AppData\Local\Pub\Cache\hosted\pub.dev\webview_flutter_android-4.3.2\
[   +1 ms] Found plugin webview_flutter_wkwebview at C:\Users\jtm02\AppData\Local\Pub\Cache\hosted\pub.dev\webview_flutter_wkwebview-3.22.0\
[  +19 ms] Found plugin app_links at C:\Users\jtm02\AppData\Local\Pub\Cache\hosted\pub.dev\app_links-6.4.1\
[        ] Found plugin app_links_linux at C:\Users\jtm02\AppData\Local\Pub\Cache\hosted\pub.dev\app_links_linux-1.0.3\
[        ] Found plugin app_links_web at C:\Users\jtm02\AppData\Local\Pub\Cache\hosted\pub.dev\app_links_web-1.0.4\
[   +1 ms] Found plugin audioplayers at C:\Users\jtm02\AppData\Local\Pub\Cache\hosted\pub.dev\audioplayers-6.4.0\
[        ] Found plugin audioplayers_android at C:\Users\jtm02\AppData\Local\Pub\Cache\hosted\pub.dev\audioplayers_android-5.2.0\
[        ] Found plugin audioplayers_darwin at C:\Users\jtm02\AppData\Local\Pub\Cache\hosted\pub.dev\audioplayers_darwin-6.2.0\
[        ] Found plugin audioplayers_linux at C:\Users\jtm02\AppData\Local\Pub\Cache\hosted\pub.dev\audioplayers_linux-4.2.0\
[   +1 ms] Found plugin audioplayers_web at C:\Users\jtm02\AppData\Local\Pub\Cache\hosted\pub.dev\audioplayers_web-5.1.0\
[   +1 ms] Found plugin audioplayers_windows at C:\Users\jtm02\AppData\Local\Pub\Cache\hosted\pub.dev\audioplayers_windows-4.2.0\
[  +24 ms] Found plugin google_mobile_ads at C:\Users\jtm02\AppData\Local\Pub\Cache\hosted\pub.dev\google_mobile_ads-5.3.1\
[   +2 ms] Found plugin gtk at C:\Users\jtm02\AppData\Local\Pub\Cache\hosted\pub.dev\gtk-2.1.0\
[  +11 ms] Found plugin path_provider at C:\Users\jtm02\AppData\Local\Pub\Cache\hosted\pub.dev\path_provider-2.1.5\
[   +1 ms] Found plugin path_provider_android at C:\Users\jtm02\AppData\Local\Pub\Cache\hosted\pub.dev\path_provider_android-2.2.15\
[   +1 ms] Found plugin path_provider_foundation at C:\Users\jtm02\AppData\Local\Pub\Cache\hosted\pub.dev\path_provider_foundation-2.4.1\
[        ] Found plugin path_provider_linux at C:\Users\jtm02\AppData\Local\Pub\Cache\hosted\pub.dev\path_provider_linux-2.2.1\
[   +1 ms] Found plugin path_provider_windows at C:\Users\jtm02\AppData\Local\Pub\Cache\hosted\pub.dev\path_provider_windows-2.3.0\
[   +5 ms] Found plugin shared_preferences at C:\Users\jtm02\AppData\Local\Pub\Cache\hosted\pub.dev\shared_preferences-2.5.3\
[        ] Found plugin shared_preferences_android at C:\Users\jtm02\AppData\Local\Pub\Cache\hosted\pub.dev\shared_preferences_android-2.4.7\
[        ] Found plugin shared_preferences_foundation at C:\Users\jtm02\AppData\Local\Pub\Cache\hosted\pub.dev\shared_preferences_foundation-2.5.4\
[   +1 ms] Found plugin shared_preferences_linux at C:\Users\jtm02\AppData\Local\Pub\Cache\hosted\pub.dev\shared_preferences_linux-2.4.1\
[   +1 ms] Found plugin shared_preferences_web at C:\Users\jtm02\AppData\Local\Pub\Cache\hosted\pub.dev\shared_preferences_web-2.4.3\
[        ] Found plugin shared_preferences_windows at C:\Users\jtm02\AppData\Local\Pub\Cache\hosted\pub.dev\shared_preferences_windows-2.4.1\
[   +2 ms] Found plugin sqflite at C:\Users\jtm02\AppData\Local\Pub\Cache\hosted\pub.dev\sqflite-2.4.1\
[        ] Found plugin sqflite_android at C:\Users\jtm02\AppData\Local\Pub\Cache\hosted\pub.dev\sqflite_android-2.4.0\
[        ] Found plugin sqflite_darwin at C:\Users\jtm02\AppData\Local\Pub\Cache\hosted\pub.dev\sqflite_darwin-2.4.1+1\
[   +5 ms] Found plugin url_launcher at C:\Users\jtm02\AppData\Local\Pub\Cache\hosted\pub.dev\url_launcher-6.3.1\
[        ] Found plugin url_launcher_android at C:\Users\jtm02\AppData\Local\Pub\Cache\hosted\pub.dev\url_launcher_android-6.3.14\
[        ] Found plugin url_launcher_ios at C:\Users\jtm02\AppData\Local\Pub\Cache\hosted\pub.dev\url_launcher_ios-6.3.3\
[        ] Found plugin url_launcher_linux at C:\Users\jtm02\AppData\Local\Pub\Cache\hosted\pub.dev\url_launcher_linux-3.2.1\
[        ] Found plugin url_launcher_macos at C:\Users\jtm02\AppData\Local\Pub\Cache\hosted\pub.dev\url_launcher_macos-3.2.2\
[   +1 ms] Found plugin url_launcher_web at C:\Users\jtm02\AppData\Local\Pub\Cache\hosted\pub.dev\url_launcher_web-2.3.3\
[        ] Found plugin url_launcher_windows at C:\Users\jtm02\AppData\Local\Pub\Cache\hosted\pub.dev\url_launcher_windows-3.1.4\
[   +3 ms] Found plugin webview_flutter at C:\Users\jtm02\AppData\Local\Pub\Cache\hosted\pub.dev\webview_flutter-4.10.0\
[        ] Found plugin webview_flutter_android at C:\Users\jtm02\AppData\Local\Pub\Cache\hosted\pub.dev\webview_flutter_android-4.3.2\
[        ] Found plugin webview_flutter_wkwebview at C:\Users\jtm02\AppData\Local\Pub\Cache\hosted\pub.dev\webview_flutter_wkwebview-3.22.0\
[   +7 ms] Generating C:\Users\jtm02\Desktop\antigravity\allinfold\holdem_allin_fold\android\app\src\main\java\io\flutter\plugins\GeneratedPluginRegistrant.java
[  +64 ms] executing: C:\Program Files\Android\Android Studio\jbr\bin\java -version
[ +101 ms] Exit code 0 from: C:\Program Files\Android\Android Studio\jbr\bin\java -version
[        ] openjdk version "21.0.8" 2025-07-15
           OpenJDK Runtime Environment (build 21.0.8+-14196175-b1038.72)
           OpenJDK 64-Bit Server VM (build 21.0.8+-14196175-b1038.72, mixed mode)
[   +1 ms] executing: C:\Program Files\Android\Android Studio\jbr\bin\java -version
[  +92 ms] Exit code 0 from: C:\Program Files\Android\Android Studio\jbr\bin\java -version
[        ] openjdk version "21.0.8" 2025-07-15
           OpenJDK Runtime Environment (build 21.0.8+-14196175-b1038.72)
           OpenJDK 64-Bit Server VM (build 21.0.8+-14196175-b1038.72, mixed mode)
[   +6 ms] executing: C:\Program Files\Android\Android Studio\jbr\bin\java --version
[  +86 ms] Exit code 0 from: C:\Program Files\Android\Android Studio\jbr\bin\java --version
[        ] openjdk 21.0.8 2025-07-15
           OpenJDK Runtime Environment (build 21.0.8+-14196175-b1038.72)
           OpenJDK 64-Bit Server VM (build 21.0.8+-14196175-b1038.72, mixed mode)
[   +1 ms] Version of Java is different than impacted version, no migration attempted.
[  +12 ms] Using gradle from C:\Users\jtm02\Desktop\antigravity\allinfold\holdem_allin_fold\android\gradlew.bat.
[   +1 ms] Running Gradle task 'assembleDebug'...
[   +2 ms] executing: [C:\Users\jtm02\Desktop\antigravity\allinfold\holdem_allin_fold\android/] C:\Users\jtm02\Desktop\antigravity\allinfold\holdem_allin_fold\android\gradlew.bat --full-stacktrace --info -Pverbose=true -Ptarget-platform=android-arm,android-arm64,android-x64 -Ptarget=lib\main.dart -Pbase-application-name=android.app.Application -Pdart-obfuscation=false -Ptrack-widget-creation=true -Ptree-shake-icons=false assembleDebug
[ +433 ms] Initialized native services in: C:\Users\jtm02\.gradle\native
[        ] Initialized jansi services in: C:\Users\jtm02\.gradle\native
[ +118 ms] Received JVM installation metadata from 'C:\Program Files\Android\Android Studio\jbr': {JAVA_HOME=C:\Program Files\Android\Android Studio\jbr, JAVA_VERSION=21.0.8, JAVA_VENDOR=JetBrains s.r.o., RUNTIME_NAME=OpenJDK Runtime Environment, RUNTIME_VERSION=21.0.8+-14196175-b1038.72, VM_NAME=OpenJDK 64-Bit Server VM, VM_VERSION=21.0.8+-14196175-b1038.72, VM_VENDOR=JetBrains s.r.o., OS_ARCH=amd64}
[        ] Starting process 'command 'C:\Program Files\Eclipse Adoptium\jdk-17.0.18.8-hotspot\bin\java.exe''. Working directory: C:\Users\jtm02\.gradle\.tmp\tmp-jvm3780988230887624669probe Command: C:\Program Files\Eclipse Adoptium\jdk-17.0.18.8-hotspot\bin\java.exe -cp . JavaProbe
[        ] Successfully started process 'command 'C:\Program Files\Eclipse Adoptium\jdk-17.0.18.8-hotspot\bin\java.exe''
[  +92 ms] Received JVM installation metadata from 'C:\Program Files\Eclipse Adoptium\jdk-17.0.18.8-hotspot': {JAVA_HOME=C:\Program Files\Eclipse Adoptium\jdk-17.0.18.8-hotspot, JAVA_VERSION=17.0.18, JAVA_VENDOR=Eclipse Adoptium, RUNTIME_NAME=OpenJDK Runtime Environment, RUNTIME_VERSION=17.0.18+8, VM_NAME=OpenJDK 64-Bit Server VM, VM_VERSION=17.0.18+8, VM_VENDOR=Eclipse Adoptium, OS_ARCH=amd64}
[ +109 ms] Found daemon DaemonInfo{pid=5404, address=[1fafccfc-651f-4897-83b0-c3705e4ee655 port:63500, addresses:[/127.0.0.1]], state=Idle, lastBusy=1771264100739, context=DefaultDaemonContext[uid=e7ca003a-4355-4cf9-8bcf-a0c73a67f42c,javaHome=C:\Users\jtm02\AppData\Local\Java\jdk-21.0.2+13,daemonRegistryDir=C:\Users\jtm02\.gradle\daemon,pid=5404,idleTimeout=10800000,priority=NORMAL,applyInstrumentationAgent=true,daemonOpts=-XX:MaxMetaspaceSize=2G,-XX:+HeapDumpOnOutOfMemoryError,--add-opens=java.base/java.util=ALL-UNNAMED,--add-opens=java.base/java.lang=ALL-UNNAMED,--add-opens=java.base/java.lang.invoke=ALL-UNNAMED,--add-opens=java.prefs/java.util.prefs=ALL-UNNAMED,--add-opens=java.base/java.nio.charset=ALL-UNNAMED,--add-opens=java.base/java.net=ALL-UNNAMED,--add-opens=java.base/java.util.concurrent.atomic=ALL-UNNAMED,-Xmx4G,-Dfile.encoding=UTF-8,-Duser.country=KR,-Duser.language=ko,-Duser.variant]} however its context does not match the desired criteria.
[        ] Java home is different.
[        ] Wanted: DefaultDaemonContext[uid=null,javaHome=C:\Program Files\Eclipse Adoptium\jdk-17.0.18.8-hotspot,daemonRegistryDir=C:\Users\jtm02\.gradle\daemon,pid=17052,idleTimeout=null,priority=NORMAL,applyInstrumentationAgent=true,daemonOpts=-XX:MaxMetaspaceSize=2G,-XX:+HeapDumpOnOutOfMemoryError,--add-opens=java.base/java.util=ALL-UNNAMED,--add-opens=java.base/java.lang=ALL-UNNAMED,--add-opens=java.base/java.lang.invoke=ALL-UNNAMED,--add-opens=java.prefs/java.util.prefs=ALL-UNNAMED,--add-opens=java.base/java.nio.charset=ALL-UNNAMED,--add-opens=java.base/java.net=ALL-UNNAMED,--add-opens=java.base/java.util.concurrent.atomic=ALL-UNNAMED,-Xmx4G,-Dfile.encoding=UTF-8,-Duser.country=KR,-Duser.language=ko,-Duser.variant]
[        ] Actual: DefaultDaemonContext[uid=e7ca003a-4355-4cf9-8bcf-a0c73a67f42c,javaHome=C:\Users\jtm02\AppData\Local\Java\jdk-21.0.2+13,daemonRegistryDir=C:\Users\jtm02\.gradle\daemon,pid=5404,idleTimeout=10800000,priority=NORMAL,applyInstrumentationAgent=true,daemonOpts=-XX:MaxMetaspaceSize=2G,-XX:+HeapDumpOnOutOfMemoryError,--add-opens=java.base/java.util=ALL-UNNAMED,--add-opens=java.base/java.lang=ALL-UNNAMED,--add-opens=java.base/java.lang.invoke=ALL-UNNAMED,--add-opens=java.prefs/java.util.prefs=ALL-UNNAMED,--add-opens=java.base/java.nio.charset=ALL-UNNAMED,--add-opens=java.base/java.net=ALL-UNNAMED,--add-opens=java.base/java.util.concurrent.atomic=ALL-UNNAMED,-Xmx4G,-Dfile.encoding=UTF-8,-Duser.country=KR,-Duser.language=ko,-Duser.variant]
[        ]   Looking for a different daemon...
[        ] Found daemon DaemonInfo{pid=9004, address=[c73b7251-d295-413f-aba6-05791670d79a port:63365, addresses:[/127.0.0.1]], state=Idle, lastBusy=1771265859115, context=DefaultDaemonContext[uid=c0f73bda-8b01-4e85-87b5-245b1b67be07,javaHome=C:\Program Files\Android\Android Studio\jbr,daemonRegistryDir=C:\Users\jtm02\.gradle\daemon,pid=9004,idleTimeout=10800000,priority=NORMAL,applyInstrumentationAgent=true,daemonOpts=-XX:MaxMetaspaceSize=2G,-XX:+HeapDumpOnOutOfMemoryError,--add-opens=java.base/java.util=ALL-UNNAMED,--add-opens=java.base/java.lang=ALL-UNNAMED,--add-opens=java.base/java.lang.invoke=ALL-UNNAMED,--add-opens=java.prefs/java.util.prefs=ALL-UNNAMED,--add-opens=java.base/java.nio.charset=ALL-UNNAMED,--add-opens=java.base/java.net=ALL-UNNAMED,--add-opens=java.base/java.util.concurrent.atomic=ALL-UNNAMED,-Xmx4G,-Dfile.encoding=UTF-8,-Duser.country=KR,-Duser.language=ko,-Duser.variant]} however its context does not match the desired criteria.
[        ] Java home is different.
[        ] Wanted: DefaultDaemonContext[uid=null,javaHome=C:\Program Files\Eclipse Adoptium\jdk-17.0.18.8-hotspot,daemonRegistryDir=C:\Users\jtm02\.gradle\daemon,pid=17052,idleTimeout=null,priority=NORMAL,applyInstrumentationAgent=true,daemonOpts=-XX:MaxMetaspaceSize=2G,-XX:+HeapDumpOnOutOfMemoryError,--add-opens=java.base/java.util=ALL-UNNAMED,--add-opens=java.base/java.lang=ALL-UNNAMED,--add-opens=java.base/java.lang.invoke=ALL-UNNAMED,--add-opens=java.prefs/java.util.prefs=ALL-UNNAMED,--add-opens=java.base/java.nio.charset=ALL-UNNAMED,--add-opens=java.base/java.net=ALL-UNNAMED,--add-opens=java.base/java.util.concurrent.atomic=ALL-UNNAMED,-Xmx4G,-Dfile.encoding=UTF-8,-Duser.country=KR,-Duser.language=ko,-Duser.variant]
[        ] Actual: DefaultDaemonContext[uid=c0f73bda-8b01-4e85-87b5-245b1b67be07,javaHome=C:\Program Files\Android\Android Studio\jbr,daemonRegistryDir=C:\Users\jtm02\.gradle\daemon,pid=9004,idleTimeout=10800000,priority=NORMAL,applyInstrumentationAgent=true,daemonOpts=-XX:MaxMetaspaceSize=2G,-XX:+HeapDumpOnOutOfMemoryError,--add-opens=java.base/java.util=ALL-UNNAMED,--add-opens=java.base/java.lang=ALL-UNNAMED,--add-opens=java.base/java.lang.invoke=ALL-UNNAMED,--add-opens=java.prefs/java.util.prefs=ALL-UNNAMED,--add-opens=java.base/java.nio.charset=ALL-UNNAMED,--add-opens=java.base/java.net=ALL-UNNAMED,--add-opens=java.base/java.util.concurrent.atomic=ALL-UNNAMED,-Xmx4G,-Dfile.encoding=UTF-8,-Duser.country=KR,-Duser.language=ko,-Duser.variant]
[        ]   Looking for a different daemon...
[        ] The client will now receive all logging from the daemon (pid: 9480). The daemon log file: C:\Users\jtm02\.gradle\daemon\8.3\daemon-9480.out.log
[        ] Starting 51st build in daemon [uptime: 7 hrs 55 mins 42.678 secs, performance: 100%, GC rate: 0.00/s, heap usage: 3% of 4 GiB, non-heap usage: 15% of 2 GiB]
[        ] Using 8 worker leases.
[        ] Now considering [C:\Users\jtm02\Desktop\antigravity\allinfold\holdem_allin_fold\android, C:\flutter_sdk\packages\flutter_tools\gradle, C:\Users\jtm02\Desktop\antigravity\allinfold\flutter\packages\flutter_tools\gradle] as hierarchies to watch
[        ] Watching 3 directory hierarchies to track changes
[        ] Watching the file system is configured to be enabled if available
[        ] File system watching is active
[        ] Starting Build
[  +93 ms] Now considering [C:\flutter_sdk\packages\flutter_tools\gradle, C:\Users\jtm02\Desktop\antigravity\allinfold\holdem_allin_fold\android, C:\Users\jtm02\Desktop\antigravity\allinfold\flutter\packages\flutter_tools\gradle] as hierarchies to watch
[        ] Watching 3 directory hierarchies to track changes
[   +1 ms] > Configure project :gradle
[        ] Evaluating project ':gradle' using build file 'C:\flutter_sdk\packages\flutter_tools\gradle\build.gradle.kts'.
[        ] The configuration :gradle:classpath is both resolvable and consumable. This is considered a legacy configuration and it will eventually only be possible to be one of these.
[        ] The configuration :gradle:classpath is both consumable and declarable. This combination is incorrect, only one of these flags should be set.
[        ] The configuration :gradle:classpath is both resolvable and consumable. This is considered a legacy configuration and it will eventually only be possible to be one of these.
[        ] The configuration :gradle:classpath is both consumable and declarable. This combination is incorrect, only one of these flags should be set.
[        ] Caching disabled for Kotlin DSL accessors for project ':gradle' because:
[        ]   Build cache is disabled
[        ] Skipping Kotlin DSL accessors for project ':gradle' as it is up-to-date.
[        ] The configuration detachedConfiguration1 is both resolvable and consumable. This is considered a legacy configuration and it will eventually only be possible to be one of these.
[        ] The configuration detachedConfiguration1 is both consumable and declarable. This combination is incorrect, only one of these flags should be set.
[        ] The configuration detachedConfiguration1 is both resolvable and consumable. This is considered a legacy configuration and it will eventually only be possible to be one of these.
[        ] The configuration detachedConfiguration1 is both consumable and declarable. This combination is incorrect, only one of these flags should be set.
[        ] The configuration detachedConfiguration2 is both resolvable and consumable. This is considered a legacy configuration and it will eventually only be possible to be one of these.
[        ] The configuration detachedConfiguration2 is both consumable and declarable. This combination is incorrect, only one of these flags should be set.
[        ] The configuration detachedConfiguration2 is both resolvable and consumable. This is considered a legacy configuration and it will eventually only be possible to be one of these.
[        ] The configuration detachedConfiguration2 is both consumable and declarable. This combination is incorrect, only one of these flags should be set.
[        ] The configuration classpath is both resolvable and consumable. This is considered a legacy configuration and it will eventually only be possible to be one of these.
[        ] The configuration classpath is both consumable and declarable. This combination is incorrect, only one of these flags should be set.
[        ] The configuration :gradle:mainSourceElements is both consumable and declarable. This combination is incorrect, only one of these flags should be set.
[        ] Resolve mutations for :gradle:compileJava (Thread[Execution worker,5,main]) started.
[        ] :gradle:compileJava (Thread[Execution worker,5,main]) started.
[ +110 ms] > Task :gradle:compileJava NO-SOURCE
[        ] Skipping task ':gradle:compileJava' as it has no source files and no previous output files.
[        ] Resolve mutations for :gradle:compileGroovy (Thread[Execution worker,5,main]) started.
[        ] :gradle:compileGroovy (Thread[Execution worker,5,main]) started.
[        ] > Task :gradle:compileGroovy UP-TO-DATE
[        ] Caching disabled for task ':gradle:compileGroovy' because:
[        ]   Build cache is disabled
[        ] Skipping task ':gradle:compileGroovy' as it is up-to-date.
[        ] Resolve mutations for :gradle:pluginDescriptors (Thread[Execution worker,5,main]) started.
[        ] :gradle:pluginDescriptors (Thread[Execution worker,5,main]) started.
[        ] > Task :gradle:pluginDescriptors UP-TO-DATE
[        ] Caching disabled for task ':gradle:pluginDescriptors' because:
[        ]   Build cache is disabled
[        ] Skipping task ':gradle:pluginDescriptors' as it is up-to-date.
[        ] Resolve mutations for :gradle:processResources (Thread[Execution worker,5,main]) started.
[        ] :gradle:processResources (Thread[Execution worker,5,main]) started.
[        ] > Task :gradle:processResources UP-TO-DATE
[        ] Caching disabled for task ':gradle:processResources' because:
[        ]   Build cache is disabled
[        ] Skipping task ':gradle:processResources' as it is up-to-date.
[        ] Resolve mutations for :gradle:classes (Thread[Execution worker,5,main]) started.
[        ] :gradle:classes (Thread[Execution worker Thread 7,5,main]) started.
[        ] > Task :gradle:classes UP-TO-DATE
[        ] Skipping task ':gradle:classes' as it has no actions.
[        ] Resolve mutations for :gradle:jar (Thread[Execution worker Thread 7,5,main]) started.
[        ] :gradle:jar (Thread[Execution worker Thread 7,5,main]) started.
[        ] > Task :gradle:jar UP-TO-DATE
[        ] Caching disabled for task ':gradle:jar' because:
[        ]   Build cache is disabled
[        ] Skipping task ':gradle:jar' as it is up-to-date.
[        ] The configuration classpath is both resolvable and consumable. This is considered a legacy configuration and it will eventually only be possible to be one of these.
[        ] The configuration classpath is both consumable and declarable. This combination is incorrect, only one of these flags should be set.
[  +75 ms] Settings evaluated using settings file 'C:\Users\jtm02\Desktop\antigravity\allinfold\holdem_allin_fold\android\settings.gradle'.
[        ] Projects loaded. Root project using build file 'C:\Users\jtm02\Desktop\antigravity\allinfold\holdem_allin_fold\android\build.gradle'.
[        ] Included projects: [root project 'android', project ':app', project ':app_links', project ':audioplayers_android', project ':google_mobile_ads', project ':path_provider_android', project ':shared_preferences_android', project ':sqflite_android', project ':url_launcher_android', project ':webview_flutter_android']
[ +204 ms] > Configure project :app
[        ] Evaluating project ':app' using build file 'C:\Users\jtm02\Desktop\antigravity\allinfold\holdem_allin_fold\android\app\build.gradle'.
[        ] Using default execution profile
[        ] Using Kotlin Gradle Plugin gradle81 variant
[        ] The configuration classpath is both resolvable and consumable. This is considered a legacy configuration and it will eventually only be possible to be one of these.
[        ] The configuration classpath is both consumable and declarable. This combination is incorrect, only one of these flags should be set.
[        ] The configuration classpath is both resolvable and consumable. This is considered a legacy configuration and it will eventually only be possible to be one of these.
[        ] The configuration classpath is both consumable and declarable. This combination is incorrect, only one of these flags should be set.
[        ] Parsed shrinker version: 8.1.56
[        ] > Configure project :
[        ] Evaluating root project 'android' using build file 'C:\Users\jtm02\Desktop\antigravity\allinfold\holdem_allin_fold\android\build.gradle'.
[  +92 ms] > Configure project :app_links
[        ] Evaluating project ':app_links' using build file 'C:\Users\jtm02\AppData\Local\Pub\Cache\hosted\pub.dev\app_links-6.4.1\android\build.gradle'.
[        ] The configuration :app_links:classpath is both resolvable and consumable. This is considered a legacy configuration and it will eventually only be possible to be one of these.
[        ] The configuration :app_links:classpath is both consumable and declarable. This combination is incorrect, only one of these flags should be set.
[        ] The configuration :app_links:classpath is both resolvable and consumable. This is considered a legacy configuration and it will eventually only be possible to be one of these.
[        ] The configuration :app_links:classpath is both consumable and declarable. This combination is incorrect, only one of these flags should be set.
[        ] Using default execution profile
[ +109 ms] > Configure project :audioplayers_android
[        ] Evaluating project ':audioplayers_android' using build file 'C:\Users\jtm02\AppData\Local\Pub\Cache\hosted\pub.dev\audioplayers_android-5.2.0\android\build.gradle'.
[        ] The configuration :audioplayers_android:classpath is both resolvable and consumable. This is considered a legacy configuration and it will eventually only be possible to be one of these.
[        ] The configuration :audioplayers_android:classpath is both consumable and declarable. This combination is incorrect, only one of these flags should be set.
[        ] The configuration :audioplayers_android:classpath is both resolvable and consumable. This is considered a legacy configuration and it will eventually only be possible to be one of these.
[        ] The configuration :audioplayers_android:classpath is both consumable and declarable. This combination is incorrect, only one of these flags should be set.
[        ] Using default execution profile
[        ] Using Kotlin Gradle Plugin gradle81 variant
[  +93 ms] > Configure project :google_mobile_ads
[        ] Evaluating project ':google_mobile_ads' using build file 'C:\Users\jtm02\AppData\Local\Pub\Cache\hosted\pub.dev\google_mobile_ads-5.3.1\android\build.gradle'.
[        ] The configuration :google_mobile_ads:classpath is both resolvable and consumable. This is considered a legacy configuration and it will eventually only be possible to be one of these.
[        ] The configuration :google_mobile_ads:classpath is both consumable and declarable. This combination is incorrect, only one of these flags should be set.
[        ] The configuration :google_mobile_ads:classpath is both resolvable and consumable. This is considered a legacy configuration and it will eventually only be possible to be one of these.
[        ] The configuration :google_mobile_ads:classpath is both consumable and declarable. This combination is incorrect, only one of these flags should be set.
[        ] Using default execution profile
[  +94 ms] > Configure project :path_provider_android
[        ] Evaluating project ':path_provider_android' using build file 'C:\Users\jtm02\AppData\Local\Pub\Cache\hosted\pub.dev\path_provider_android-2.2.15\android\build.gradle'.
[        ] The configuration :path_provider_android:classpath is both resolvable and consumable. This is considered a legacy configuration and it will eventually only be possible to be one of these.
[        ] The configuration :path_provider_android:classpath is both consumable and declarable. This combination is incorrect, only one of these flags should be set.
[        ] The configuration :path_provider_android:classpath is both resolvable and consumable. This is considered a legacy configuration and it will eventually only be possible to be one of these.
[        ] The configuration :path_provider_android:classpath is both consumable and declarable. This combination is incorrect, only one of these flags should be set.
[        ] Using default execution profile
[ +110 ms] > Configure project :shared_preferences_android
[        ] Evaluating project ':shared_preferences_android' using build file 'C:\Users\jtm02\AppData\Local\Pub\Cache\hosted\pub.dev\shared_preferences_android-2.4.7\android\build.gradle'.
[        ] The configuration :shared_preferences_android:classpath is both resolvable and consumable. This is considered a legacy configuration and it will eventually only be possible to be one of these.
[        ] The configuration :shared_preferences_android:classpath is both consumable and declarable. This combination is incorrect, only one of these flags should be set.
[        ] The configuration :shared_preferences_android:classpath is both resolvable and consumable. This is considered a legacy configuration and it will eventually only be possible to be one of these.
[        ] The configuration :shared_preferences_android:classpath is both consumable and declarable. This combination is incorrect, only one of these flags should be set.
[        ] Using default execution profile
[        ] Using Kotlin Gradle Plugin gradle81 variant
[        ] > Configure project :sqflite_android
[        ] Evaluating project ':sqflite_android' using build file 'C:\Users\jtm02\AppData\Local\Pub\Cache\hosted\pub.dev\sqflite_android-2.4.0\android\build.gradle'.
[        ] The configuration :sqflite_android:classpath is both resolvable and consumable. This is considered a legacy configuration and it will eventually only be possible to be one of these.
[        ] The configuration :sqflite_android:classpath is both consumable and declarable. This combination is incorrect, only one of these flags should be set.
[        ] The configuration :sqflite_android:classpath is both resolvable and consumable. This is considered a legacy configuration and it will eventually only be possible to be one of these.
[        ] The configuration :sqflite_android:classpath is both consumable and declarable. This combination is incorrect, only one of these flags should be set.
[        ] Using default execution profile
[  +91 ms] > Configure project :url_launcher_android
[        ] Evaluating project ':url_launcher_android' using build file 'C:\Users\jtm02\AppData\Local\Pub\Cache\hosted\pub.dev\url_launcher_android-6.3.14\android\build.gradle'.
[        ] The configuration :url_launcher_android:classpath is both resolvable and consumable. This is considered a legacy configuration and it will eventually only be possible to be one of these.
[        ] The configuration :url_launcher_android:classpath is both consumable and declarable. This combination is incorrect, only one of these flags should be set.
[        ] The configuration :url_launcher_android:classpath is both resolvable and consumable. This is considered a legacy configuration and it will eventually only be possible to be one of these.
[        ] The configuration :url_launcher_android:classpath is both consumable and declarable. This combination is incorrect, only one of these flags should be set.
[        ] Using default execution profile
[ +107 ms] > Configure project :webview_flutter_android
[        ] Evaluating project ':webview_flutter_android' using build file 'C:\Users\jtm02\AppData\Local\Pub\Cache\hosted\pub.dev\webview_flutter_android-4.3.2\android\build.gradle'.
[        ] The configuration :webview_flutter_android:classpath is both resolvable and consumable. This is considered a legacy configuration and it will eventually only be possible to be one of these.
[        ] The configuration :webview_flutter_android:classpath is both consumable and declarable. This combination is incorrect, only one of these flags should be set.
[        ] The configuration :webview_flutter_android:classpath is both resolvable and consumable. This is considered a legacy configuration and it will eventually only be possible to be one of these.
[        ] The configuration :webview_flutter_android:classpath is both consumable and declarable. This combination is incorrect, only one of these flags should be set.
[        ] Using default execution profile
[        ] Using Kotlin Gradle Plugin gradle81 variant
[        ] All projects evaluated.
[        ] The configuration :classpath is both resolvable and consumable. This is considered a legacy configuration and it will eventually only be possible to be one of these.
[        ] The configuration :classpath is both consumable and declarable. This combination is incorrect, only one of these flags should be set.
[        ] The configuration :classpath is both resolvable and consumable. This is considered a legacy configuration and it will eventually only be possible to be one of these.
[        ] The configuration :classpath is both consumable and declarable. This combination is incorrect, only one of these flags should be set.
[        ] The configuration :classpath is both resolvable and consumable. This is considered a legacy configuration and it will eventually only be possible to be one of these.
[        ] The configuration :classpath is both consumable and declarable. This combination is incorrect, only one of these flags should be set.
[        ] The configuration :classpath is both resolvable and consumable. This is considered a legacy configuration and it will eventually only be possible to be one of these.
[        ] The configuration :classpath is both consumable and declarable. This combination is incorrect, only one of these flags should be set.
[        ] The configuration :classpath is both resolvable and consumable. This is considered a legacy configuration and it will eventually only be possible to be one of these.
[        ] The configuration :classpath is both consumable and declarable. This combination is incorrect, only one of these flags should be set.
[        ] The configuration :classpath is both resolvable and consumable. This is considered a legacy configuration and it will eventually only be possible to be one of these.
[        ] The configuration :classpath is both consumable and declarable. This combination is incorrect, only one of these flags should be set.
[        ] The configuration :app:classpath is both resolvable and consumable. This is considered a legacy configuration and it will eventually only be possible to be one of these.
[        ] The configuration :app:classpath is both consumable and declarable. This combination is incorrect, only one of these flags should be set.
[        ] The configuration :app:classpath is both resolvable and consumable. This is considered a legacy configuration and it will eventually only be possible to be one of these.
[        ] The configuration :app:classpath is both consumable and declarable. This combination is incorrect, only one of these flags should be set.
[        ] The configuration :app:classpath is both resolvable and consumable. This is considered a legacy configuration and it will eventually only be possible to be one of these.
[        ] The configuration :app:classpath is both consumable and declarable. This combination is incorrect, only one of these flags should be set.
[        ] The configuration :app:classpath is both resolvable and consumable. This is considered a legacy configuration and it will eventually only be possible to be one of these.
[        ] The configuration :app:classpath is both consumable and declarable. This combination is incorrect, only one of these flags should be set.
[        ] The configuration :app:classpath is both resolvable and consumable. This is considered a legacy configuration and it will eventually only be possible to be one of these.
[        ] The configuration :app:classpath is both consumable and declarable. This combination is incorrect, only one of these flags should be set.
[        ] The configuration :app:classpath is both resolvable and consumable. This is considered a legacy configuration and it will eventually only be possible to be one of these.
[        ] The configuration :app:classpath is both consumable and declarable. This combination is incorrect, only one of these flags should be set.
[        ] The configuration :app_links:classpath is both resolvable and consumable. This is considered a legacy configuration and it will eventually only be possible to be one of these.
[        ] The configuration :app_links:classpath is both consumable and declarable. This combination is incorrect, only one of these flags should be set.
[        ] The configuration :app_links:classpath is both resolvable and consumable. This is considered a legacy configuration and it will eventually only be possible to be one of these.
[        ] The configuration :app_links:classpath is both consumable and declarable. This combination is incorrect, only one of these flags should be set.
[        ] The configuration :app_links:classpath is both resolvable and consumable. This is considered a legacy configuration and it will eventually only be possible to be one of these.
[        ] The configuration :app_links:classpath is both consumable and declarable. This combination is incorrect, only one of these flags should be set.
[        ] The configuration :app_links:classpath is both resolvable and consumable. This is considered a legacy configuration and it will eventually only be possible to be one of these.
[        ] The configuration :app_links:classpath is both consumable and declarable. This combination is incorrect, only one of these flags should be set.
[        ] The configuration :app_links:classpath is both resolvable and consumable. This is considered a legacy configuration and it will eventually only be possible to be one of these.
[        ] The configuration :app_links:classpath is both consumable and declarable. This combination is incorrect, only one of these flags should be set.
[        ] The configuration :audioplayers_android:classpath is both resolvable and consumable. This is considered a legacy configuration and it will eventually only be possible to be one of these.
[        ] The configuration :audioplayers_android:classpath is both consumable and declarable. This combination is incorrect, only one of these flags should be set.
[        ] The configuration :audioplayers_android:classpath is both resolvable and consumable. This is considered a legacy configuration and it will eventually only be possible to be one of these.
[        ] The configuration :audioplayers_android:classpath is both consumable and declarable. This combination is incorrect, only one of these flags should be set.
[        ] The configuration :audioplayers_android:classpath is both resolvable and consumable. This is considered a legacy configuration and it will eventually only be possible to be one of these.
[        ] The configuration :audioplayers_android:classpath is both consumable and declarable. This combination is incorrect, only one of these flags should be set.
[        ] The configuration :audioplayers_android:classpath is both resolvable and consumable. This is considered a legacy configuration and it will eventually only be possible to be one of these.
[        ] The configuration :audioplayers_android:classpath is both consumable and declarable. This combination is incorrect, only one of these flags should be set.
[        ] The configuration :audioplayers_android:classpath is both resolvable and consumable. This is considered a legacy configuration and it will eventually only be possible to be one of these.
[        ] The configuration :audioplayers_android:classpath is both consumable and declarable. This combination is incorrect, only one of these flags should be set.
[        ] The configuration :google_mobile_ads:classpath is both resolvable and consumable. This is considered a legacy configuration and it will eventually only be possible to be one of these.
[        ] The configuration :google_mobile_ads:classpath is both consumable and declarable. This combination is incorrect, only one of these flags should be set.
[        ] The configuration :google_mobile_ads:classpath is both resolvable and consumable. This is considered a legacy configuration and it will eventually only be possible to be one of these.
[        ] The configuration :google_mobile_ads:classpath is both consumable and declarable. This combination is incorrect, only one of these flags should be set.
[        ] The configuration :google_mobile_ads:classpath is both resolvable and consumable. This is considered a legacy configuration and it will eventually only be possible to be one of these.
[        ] The configuration :google_mobile_ads:classpath is both consumable and declarable. This combination is incorrect, only one of these flags should be set.
[        ] The configuration :google_mobile_ads:classpath is both resolvable and consumable. This is considered a legacy configuration and it will eventually only be possible to be one of these.
[        ] The configuration :google_mobile_ads:classpath is both consumable and declarable. This combination is incorrect, only one of these flags should be set.
[        ] The configuration :google_mobile_ads:classpath is both resolvable and consumable. This is considered a legacy configuration and it will eventually only be possible to be one of these.
[        ] The configuration :google_mobile_ads:classpath is both consumable and declarable. This combination is incorrect, only one of these flags should be set.
[        ] The configuration :path_provider_android:classpath is both resolvable and consumable. This is considered a legacy configuration and it will eventually only be possible to be one of these.
[        ] The configuration :path_provider_android:classpath is both consumable and declarable. This combination is incorrect, only one of these flags should be set.
[        ] The configuration :path_provider_android:classpath is both resolvable and consumable. This is considered a legacy configuration and it will eventually only be possible to be one of these.
[        ] The configuration :path_provider_android:classpath is both consumable and declarable. This combination is incorrect, only one of these flags should be set.
[        ] The configuration :path_provider_android:classpath is both resolvable and consumable. This is considered a legacy configuration and it will eventually only be possible to be one of these.
[        ] The configuration :path_provider_android:classpath is both consumable and declarable. This combination is incorrect, only one of these flags should be set.
[        ] The configuration :path_provider_android:classpath is both resolvable and consumable. This is considered a legacy configuration and it will eventually only be possible to be one of these.
[        ] The configuration :path_provider_android:classpath is both consumable and declarable. This combination is incorrect, only one of these flags should be set.
[        ] The configuration :path_provider_android:classpath is both resolvable and consumable. This is considered a legacy configuration and it will eventually only be possible to be one of these.
[        ] The configuration :path_provider_android:classpath is both consumable and declarable. This combination is incorrect, only one of these flags should be set.
[        ] The configuration :shared_preferences_android:classpath is both resolvable and consumable. This is considered a legacy configuration and it will eventually only be possible to be one of these.
[        ] The configuration :shared_preferences_android:classpath is both consumable and declarable. This combination is incorrect, only one of these flags should be set.
[        ] The configuration :shared_preferences_android:classpath is both resolvable and consumable. This is considered a legacy configuration and it will eventually only be possible to be one of these.
[        ] The configuration :shared_preferences_android:classpath is both consumable and declarable. This combination is incorrect, only one of these flags should be set.
[        ] The configuration :shared_preferences_android:classpath is both resolvable and consumable. This is considered a legacy configuration and it will eventually only be possible to be one of these.
[        ] The configuration :shared_preferences_android:classpath is both consumable and declarable. This combination is incorrect, only one of these flags should be set.
[        ] The configuration :shared_preferences_android:classpath is both resolvable and consumable. This is considered a legacy configuration and it will eventually only be possible to be one of these.
[        ] The configuration :shared_preferences_android:classpath is both consumable and declarable. This combination is incorrect, only one of these flags should be set.
[        ] The configuration :shared_preferences_android:classpath is both resolvable and consumable. This is considered a legacy configuration and it will eventually only be possible to be one of these.
[        ] The configuration :shared_preferences_android:classpath is both consumable and declarable. This combination is incorrect, only one of these flags should be set.
[        ] The configuration :sqflite_android:classpath is both resolvable and consumable. This is considered a legacy configuration and it will eventually only be possible to be one of these.
[        ] The configuration :sqflite_android:classpath is both consumable and declarable. This combination is incorrect, only one of these flags should be set.
[        ] The configuration :sqflite_android:classpath is both resolvable and consumable. This is considered a legacy configuration and it will eventually only be possible to be one of these.
[        ] The configuration :sqflite_android:classpath is both consumable and declarable. This combination is incorrect, only one of these flags should be set.
[        ] The configuration :sqflite_android:classpath is both resolvable and consumable. This is considered a legacy configuration and it will eventually only be possible to be one of these.
[        ] The configuration :sqflite_android:classpath is both consumable and declarable. This combination is incorrect, only one of these flags should be set.
[        ] The configuration :sqflite_android:classpath is both resolvable and consumable. This is considered a legacy configuration and it will eventually only be possible to be one of these.
[        ] The configuration :sqflite_android:classpath is both consumable and declarable. This combination is incorrect, only one of these flags should be set.
[        ] The configuration :sqflite_android:classpath is both resolvable and consumable. This is considered a legacy configuration and it will eventually only be possible to be one of these.
[        ] The configuration :sqflite_android:classpath is both consumable and declarable. This combination is incorrect, only one of these flags should be set.
[        ] The configuration :url_launcher_android:classpath is both resolvable and consumable. This is considered a legacy configuration and it will eventually only be possible to be one of these.
[        ] The configuration :url_launcher_android:classpath is both consumable and declarable. This combination is incorrect, only one of these flags should be set.
[        ] The configuration :url_launcher_android:classpath is both resolvable and consumable. This is considered a legacy configuration and it will eventually only be possible to be one of these.
[        ] The configuration :url_launcher_android:classpath is both consumable and declarable. This combination is incorrect, only one of these flags should be set.
[        ] The configuration :url_launcher_android:classpath is both resolvable and consumable. This is considered a legacy configuration and it will eventually only be possible to be one of these.
[        ] The configuration :url_launcher_android:classpath is both consumable and declarable. This combination is incorrect, only one of these flags should be set.
[        ] The configuration :url_launcher_android:classpath is both resolvable and consumable. This is considered a legacy configuration and it will eventually only be possible to be one of these.
[        ] The configuration :url_launcher_android:classpath is both consumable and declarable. This combination is incorrect, only one of these flags should be set.
[        ] The configuration :url_launcher_android:classpath is both resolvable and consumable. This is considered a legacy configuration and it will eventually only be possible to be one of these.
[        ] The configuration :url_launcher_android:classpath is both consumable and declarable. This combination is incorrect, only one of these flags should be set.
[        ] The configuration :webview_flutter_android:classpath is both resolvable and consumable. This is considered a legacy configuration and it will eventually only be possible to be one of these.
[        ] The configuration :webview_flutter_android:classpath is both consumable and declarable. This combination is incorrect, only one of these flags should be set.
[        ] The configuration :webview_flutter_android:classpath is both resolvable and consumable. This is considered a legacy configuration and it will eventually only be possible to be one of these.
[        ] The configuration :webview_flutter_android:classpath is both consumable and declarable. This combination is incorrect, only one of these flags should be set.
[        ] The configuration :webview_flutter_android:classpath is both resolvable and consumable. This is considered a legacy configuration and it will eventually only be possible to be one of these.
[        ] The configuration :webview_flutter_android:classpath is both consumable and declarable. This combination is incorrect, only one of these flags should be set.
[        ] The configuration :webview_flutter_android:classpath is both resolvable and consumable. This is considered a legacy configuration and it will eventually only be possible to be one of these.
[        ] The configuration :webview_flutter_android:classpath is both consumable and declarable. This combination is incorrect, only one of these flags should be set.
[        ] The configuration :webview_flutter_android:classpath is both resolvable and consumable. This is considered a legacy configuration and it will eventually only be possible to be one of these.
[        ] The configuration :webview_flutter_android:classpath is both consumable and declarable. This combination is incorrect, only one of these flags should be set.
[        ] Task name matched 'assembleDebug'
[        ] Selected primary task 'assembleDebug' from project :
[        ] WARNING: We recommend using a newer Android Gradle plugin to use compileSdk = 35
[        ] This Android Gradle plugin (8.1.0) was tested up to compileSdk = 33 (and compileSdkPreview = "UpsideDownCakePrivacySandbox").
[        ] You are strongly encouraged to update your project to use a newer
[        ] Android Gradle plugin that has been tested with compileSdk = 35.
[        ] If you are already using the latest version of the Android Gradle plugin,
[        ] you may need to wait until a newer version with support for compileSdk = 35 is available.
[        ] To suppress this warning, add/update
[        ]     android.suppressUnsupportedCompileSdk=35
[        ] to this project's gradle.properties.
[  +86 ms] WARNING: We recommend using a newer Android Gradle plugin to use compileSdk = 34
[        ] This Android Gradle plugin (8.1.0) was tested up to compileSdk = 33 (and compileSdkPreview = "UpsideDownCakePrivacySandbox").
[        ] You are strongly encouraged to update your project to use a newer
[        ] Android Gradle plugin that has been tested with compileSdk = 34.
[        ] If you are already using the latest version of the Android Gradle plugin,
[        ] you may need to wait until a newer version with support for compileSdk = 34 is available.
[        ] To suppress this warning, add/update
[        ]     android.suppressUnsupportedCompileSdk=34
[        ] to this project's gradle.properties.
[ +108 ms] Tasks to be executed: [task ':app:preBuild', task ':app:preDebugBuild', task ':app:mergeDebugNativeDebugMetadata', task ':app:compileFlutterBuildDebug', task ':app:packJniLibsflutterBuildDebug', task ':app_links:preBuild', task ':app_links:preDebugBuild', task ':app_links:writeDebugAarMetadata', task ':audioplayers_android:preBuild', task ':audioplayers_android:preDebugBuild', task ':audioplayers_android:writeDebugAarMetadata', task ':google_mobile_ads:preBuild', task ':google_mobile_ads:preDebugBuild', task ':google_mobile_ads:writeDebugAarMetadata', task ':path_provider_android:preBuild', task ':path_provider_android:preDebugBuild', task ':path_provider_android:writeDebugAarMetadata', task ':shared_preferences_android:preBuild', task ':shared_preferences_android:preDebugBuild', task ':shared_preferences_android:writeDebugAarMetadata', task ':sqflite_android:preBuild', task ':sqflite_android:preDebugBuild', task ':sqflite_android:writeDebugAarMetadata', task ':url_launcher_android:preBuild', task ':url_launcher_android:preDebugBuild', task ':url_launcher_android:writeDebugAarMetadata', task ':webview_flutter_android:preBuild', task ':webview_flutter_android:preDebugBuild', task ':webview_flutter_android:writeDebugAarMetadata', task ':app:checkDebugAarMetadata', task ':app:cleanMergeDebugAssets', task ':app:mergeDebugShaders', task ':app:compileDebugShaders', task ':app:generateDebugAssets', task ':app_links:mergeDebugShaders', task ':app_links:compileDebugShaders', task ':app_links:generateDebugAssets', task ':app_links:packageDebugAssets', task ':audioplayers_android:mergeDebugShaders', task ':audioplayers_android:compileDebugShaders', task ':audioplayers_android:generateDebugAssets', task ':audioplayers_android:packageDebugAssets', task ':google_mobile_ads:mergeDebugShaders', task ':google_mobile_ads:compileDebugShaders', task ':google_mobile_ads:generateDebugAssets', task ':google_mobile_ads:packageDebugAssets', task ':path_provider_android:mergeDebugShaders', task ':path_provider_android:compileDebugShaders', task ':path_provider_android:generateDebugAssets', task ':path_provider_android:packageDebugAssets', task ':shared_preferences_android:mergeDebugShaders', task ':shared_preferences_android:compileDebugShaders', task ':shared_preferences_android:generateDebugAssets', task ':shared_preferences_android:packageDebugAssets', task ':sqflite_android:mergeDebugShaders', task ':sqflite_android:compileDebugShaders', task ':sqflite_android:generateDebugAssets', task ':sqflite_android:packageDebugAssets', task ':url_launcher_android:mergeDebugShaders', task ':url_launcher_android:compileDebugShaders', task ':url_launcher_android:generateDebugAssets', task ':url_launcher_android:packageDebugAssets', task ':webview_flutter_android:mergeDebugShaders', task ':webview_flutter_android:compileDebugShaders', task ':webview_flutter_android:generateDebugAssets', task ':webview_flutter_android:packageDebugAssets', task ':app:mergeDebugAssets', task ':app:copyFlutterAssetsDebug', task ':app:generateDebugResValues', task ':app_links:generateDebugResValues', task ':app_links:generateDebugResources', task ':app_links:packageDebugResources', task ':audioplayers_android:generateDebugResValues', task ':audioplayers_android:generateDebugResources', task ':audioplayers_android:packageDebugResources', task ':google_mobile_ads:generateDebugResValues', task ':google_mobile_ads:generateDebugResources', task ':google_mobile_ads:packageDebugResources', task ':path_provider_android:generateDebugResValues', task ':path_provider_android:generateDebugResources', task ':path_provider_android:packageDebugResources', task ':shared_preferences_android:generateDebugResValues', task ':shared_preferences_android:generateDebugResources', task ':shared_preferences_android:packageDebugResources', task ':sqflite_android:generateDebugResValues', task ':sqflite_android:generateDebugResources', task ':sqflite_android:packageDebugResources', task ':url_launcher_android:generateDebugResValues', task ':url_launcher_android:generateDebugResources', task ':url_launcher_android:packageDebugResources', task ':webview_flutter_android:generateDebugResValues', task ':webview_flutter_android:generateDebugResources', task ':webview_flutter_android:packageDebugResources', task ':app:mapDebugSourceSetPaths', task ':app:generateDebugResources', task ':app:mergeDebugResources', task ':app:packageDebugResources', task ':app:parseDebugLocalResources', task ':app:createDebugCompatibleScreenManifests', task ':app:extractDeepLinksDebug', task ':app_links:extractDeepLinksDebug', task ':app_links:processDebugManifest', task ':audioplayers_android:extractDeepLinksDebug', task ':audioplayers_android:processDebugManifest', task ':google_mobile_ads:extractDeepLinksDebug', task ':google_mobile_ads:processDebugManifest', task ':path_provider_android:extractDeepLinksDebug', task ':path_provider_android:processDebugManifest', task ':shared_preferences_android:extractDeepLinksDebug', task ':shared_preferences_android:processDebugManifest', task ':sqflite_android:extractDeepLinksDebug', task ':sqflite_android:processDebugManifest', task ':url_launcher_android:extractDeepLinksDebug', task ':url_launcher_android:processDebugManifest', task ':webview_flutter_android:extractDeepLinksDebug', task ':webview_flutter_android:processDebugManifest', task ':app:processDebugMainManifest', task ':app:processDebugManifest', task ':app:processDebugManifestForPackage', task ':app_links:compileDebugLibraryResources', task ':app_links:parseDebugLocalResources', task ':app_links:generateDebugRFile', task ':audioplayers_android:compileDebugLibraryResources', task ':audioplayers_android:parseDebugLocalResources', task ':audioplayers_android:generateDebugRFile', task ':google_mobile_ads:compileDebugLibraryResources', task ':google_mobile_ads:parseDebugLocalResources', task ':google_mobile_ads:generateDebugRFile', task ':path_provider_android:compileDebugLibraryResources', task ':path_provider_android:parseDebugLocalResources', task ':path_provider_android:generateDebugRFile', task ':shared_preferences_android:compileDebugLibraryResources', task ':shared_preferences_android:parseDebugLocalResources', task ':shared_preferences_android:generateDebugRFile', task ':sqflite_android:compileDebugLibraryResources', task ':sqflite_android:parseDebugLocalResources', task ':sqflite_android:generateDebugRFile', task ':url_launcher_android:compileDebugLibraryResources', task ':url_launcher_android:parseDebugLocalResources', task ':url_launcher_android:generateDebugRFile', task ':webview_flutter_android:compileDebugLibraryResources', task ':webview_flutter_android:parseDebugLocalResources', task ':webview_flutter_android:generateDebugRFile', task ':app:processDebugResources', task ':app_links:javaPreCompileDebug', task ':app_links:compileDebugJavaWithJavac', task ':app_links:bundleLibCompileToJarDebug', task ':audioplayers_android:compileDebugKotlin', task ':audioplayers_android:javaPreCompileDebug', task ':audioplayers_android:compileDebugJavaWithJavac', task ':audioplayers_android:bundleLibCompileToJarDebug', task ':google_mobile_ads:javaPreCompileDebug', task ':webview_flutter_android:compileDebugKotlin', task ':webview_flutter_android:javaPreCompileDebug', task ':webview_flutter_android:compileDebugJavaWithJavac', task ':webview_flutter_android:bundleLibCompileToJarDebug', task ':google_mobile_ads:compileDebugJavaWithJavac', task ':google_mobile_ads:bundleLibCompileToJarDebug', task ':path_provider_android:javaPreCompileDebug', task ':path_provider_android:compileDebugJavaWithJavac', task ':path_provider_android:bundleLibCompileToJarDebug', task ':shared_preferences_android:compileDebugKotlin', task ':shared_preferences_android:javaPreCompileDebug', task ':shared_preferences_android:compileDebugJavaWithJavac', task ':shared_preferences_android:bundleLibCompileToJarDebug', task ':sqflite_android:javaPreCompileDebug', task ':sqflite_android:compileDebugJavaWithJavac', task ':sqflite_android:bundleLibCompileToJarDebug', task ':url_launcher_android:generateDebugBuildConfig', task ':url_launcher_android:javaPreCompileDebug', task ':url_launcher_android:compileDebugJavaWithJavac', task ':url_launcher_android:bundleLibCompileToJarDebug', task ':app:compileDebugKotlin', task ':app:javaPreCompileDebug', task ':app:compileDebugJavaWithJavac', task ':app:compressDebugAssets', task ':app:processDebugJavaRes', task ':app_links:processDebugJavaRes', task ':audioplayers_android:processDebugJavaRes', task ':google_mobile_ads:processDebugJavaRes', task ':path_provider_android:processDebugJavaRes', task ':shared_preferences_android:processDebugJavaRes', task ':sqflite_android:processDebugJavaRes', task ':url_launcher_android:processDebugJavaRes', task ':webview_flutter_android:processDebugJavaRes', task ':app:mergeDebugJavaResource', task ':app:checkDebugDuplicateClasses', task ':app:desugarDebugFileDependencies', task ':app:mergeExtDexDebug', task ':app_links:bundleLibRuntimeToJarDebug', task ':audioplayers_android:bundleLibRuntimeToJarDebug', task ':google_mobile_ads:bundleLibRuntimeToJarDebug', task ':webview_flutter_android:bundleLibRuntimeToJarDebug', task ':path_provider_android:bundleLibRuntimeToJarDebug', task ':shared_preferences_android:bundleLibRuntimeToJarDebug', task ':sqflite_android:bundleLibRuntimeToJarDebug', task ':url_launcher_android:bundleLibRuntimeToJarDebug', task ':app:mergeLibDexDebug', task ':app:dexBuilderDebug', task ':app:mergeProjectDexDebug', task ':app:mergeDebugJniLibFolders', task ':app_links:mergeDebugJniLibFolders', task ':app_links:mergeDebugNativeLibs', task ':app_links:copyDebugJniLibsProjectOnly', task ':audioplayers_android:mergeDebugJniLibFolders', task ':audioplayers_android:mergeDebugNativeLibs', task ':audioplayers_android:copyDebugJniLibsProjectOnly', task ':google_mobile_ads:mergeDebugJniLibFolders', task ':google_mobile_ads:mergeDebugNativeLibs', task ':google_mobile_ads:copyDebugJniLibsProjectOnly', task ':path_provider_android:mergeDebugJniLibFolders', task ':path_provider_android:mergeDebugNativeLibs', task ':path_provider_android:copyDebugJniLibsProjectOnly', task ':shared_preferences_android:mergeDebugJniLibFolders', task ':shared_preferences_android:mergeDebugNativeLibs', task ':shared_preferences_android:copyDebugJniLibsProjectOnly', task ':sqflite_android:mergeDebugJniLibFolders', task ':sqflite_android:mergeDebugNativeLibs', task ':sqflite_android:copyDebugJniLibsProjectOnly', task ':url_launcher_android:mergeDebugJniLibFolders', task ':url_launcher_android:mergeDebugNativeLibs', task ':url_launcher_android:copyDebugJniLibsProjectOnly', task ':webview_flutter_android:mergeDebugJniLibFolders', task ':webview_flutter_android:mergeDebugNativeLibs', task ':webview_flutter_android:copyDebugJniLibsProjectOnly', task ':app:mergeDebugNativeLibs', task ':app:stripDebugDebugSymbols', task ':app:validateSigningDebug', task ':app:writeDebugAppMetadata', task ':app:writeDebugSigningConfigVersions', task ':app:packageDebug', task ':app:createDebugApkListingFileRedirect', task ':app:assembleDebug', task ':app_links:stripDebugDebugSymbols', task ':app_links:copyDebugJniLibsProjectAndLocalJars', task ':app_links:extractDebugAnnotations', task ':app_links:extractDeepLinksForAarDebug', task ':app_links:mergeDebugGeneratedProguardFiles', task ':app_links:mergeDebugConsumerProguardFiles', task ':app_links:prepareDebugArtProfile', task ':app_links:prepareLintJarForPublish', task ':app_links:mergeDebugJavaResource', task ':app_links:syncDebugLibJars', task ':app_links:bundleDebugAar', task ':app_links:assembleDebug', task ':audioplayers_android:stripDebugDebugSymbols', task ':audioplayers_android:copyDebugJniLibsProjectAndLocalJars', task ':audioplayers_android:extractDebugAnnotations', task ':audioplayers_android:extractDeepLinksForAarDebug', task ':audioplayers_android:mergeDebugGeneratedProguardFiles', task ':audioplayers_android:mergeDebugConsumerProguardFiles', task ':audioplayers_android:prepareDebugArtProfile', task ':audioplayers_android:prepareLintJarForPublish', task ':audioplayers_android:mergeDebugJavaResource', task ':audioplayers_android:syncDebugLibJars', task ':audioplayers_android:bundleDebugAar', task ':audioplayers_android:assembleDebug', task ':google_mobile_ads:stripDebugDebugSymbols', task ':google_mobile_ads:copyDebugJniLibsProjectAndLocalJars', task ':google_mobile_ads:extractDebugAnnotations', task ':google_mobile_ads:extractDeepLinksForAarDebug', task ':google_mobile_ads:mergeDebugGeneratedProguardFiles', task ':google_mobile_ads:mergeDebugConsumerProguardFiles', task ':google_mobile_ads:prepareDebugArtProfile', task ':google_mobile_ads:prepareLintJarForPublish', task ':google_mobile_ads:mergeDebugJavaResource', task ':google_mobile_ads:syncDebugLibJars', task ':google_mobile_ads:bundleDebugAar', task ':google_mobile_ads:assembleDebug', task ':path_provider_android:stripDebugDebugSymbols', task ':path_provider_android:copyDebugJniLibsProjectAndLocalJars', task ':path_provider_android:extractDebugAnnotations', task ':path_provider_android:extractDeepLinksForAarDebug', task ':path_provider_android:mergeDebugGeneratedProguardFiles', task ':path_provider_android:mergeDebugConsumerProguardFiles', task ':path_provider_android:prepareDebugArtProfile', task ':path_provider_android:prepareLintJarForPublish', task ':path_provider_android:mergeDebugJavaResource', task ':path_provider_android:syncDebugLibJars', task ':path_provider_android:bundleDebugAar', task ':path_provider_android:assembleDebug', task ':shared_preferences_android:stripDebugDebugSymbols', task ':shared_preferences_android:copyDebugJniLibsProjectAndLocalJars', task ':shared_preferences_android:extractDebugAnnotations', task ':shared_preferences_android:extractDeepLinksForAarDebug', task ':shared_preferences_android:mergeDebugGeneratedProguardFiles', task ':shared_preferences_android:mergeDebugConsumerProguardFiles', task ':shared_preferences_android:prepareDebugArtProfile', task ':shared_preferences_android:prepareLintJarForPublish', task ':shared_preferences_android:mergeDebugJavaResource', task ':shared_preferences_android:syncDebugLibJars', task ':shared_preferences_android:bundleDebugAar', task ':shared_preferences_android:assembleDebug', task ':sqflite_android:stripDebugDebugSymbols', task ':sqflite_android:copyDebugJniLibsProjectAndLocalJars', task ':sqflite_android:extractDebugAnnotations', task ':sqflite_android:extractDeepLinksForAarDebug', task ':sqflite_android:mergeDebugGeneratedProguardFiles', task ':sqflite_android:mergeDebugConsumerProguardFiles', task ':sqflite_android:prepareDebugArtProfile', task ':sqflite_android:prepareLintJarForPublish', task ':sqflite_android:mergeDebugJavaResource', task ':sqflite_android:syncDebugLibJars', task ':sqflite_android:bundleDebugAar', task ':sqflite_android:assembleDebug', task ':url_launcher_android:stripDebugDebugSymbols', task ':url_launcher_android:copyDebugJniLibsProjectAndLocalJars', task ':url_launcher_android:extractDebugAnnotations', task ':url_launcher_android:extractDeepLinksForAarDebug', task ':url_launcher_android:mergeDebugGeneratedProguardFiles', task ':url_launcher_android:mergeDebugConsumerProguardFiles', task ':url_launcher_android:prepareDebugArtProfile', task ':url_launcher_android:prepareLintJarForPublish', task ':url_launcher_android:mergeDebugJavaResource', task ':url_launcher_android:syncDebugLibJars', task ':url_launcher_android:bundleDebugAar', task ':url_launcher_android:assembleDebug', task ':webview_flutter_android:stripDebugDebugSymbols', task ':webview_flutter_android:copyDebugJniLibsProjectAndLocalJars', task ':webview_flutter_android:extractDebugAnnotations', task ':webview_flutter_android:extractDeepLinksForAarDebug', task ':webview_flutter_android:mergeDebugGeneratedProguardFiles', task ':webview_flutter_android:mergeDebugConsumerProguardFiles', task ':webview_flutter_android:prepareDebugArtProfile', task ':webview_flutter_android:prepareLintJarForPublish', task ':webview_flutter_android:mergeDebugJavaResource', task ':webview_flutter_android:syncDebugLibJars', task ':webview_flutter_android:bundleDebugAar', task ':webview_flutter_android:assembleDebug']
[        ] Tasks that were excluded: []
[        ] Analytics other plugin to proto: Unknown plugin type org.gradle.kotlin.dsl.provider.plugins.KotlinScriptRootPlugin$Inject expected enum ORG_GRADLE_KOTLIN_DSL_PROVIDER_PLUGINS_KOTLINSCRIPTROOTPLUGIN
[        ] Analytics other plugin to proto: Unknown plugin type org.gradle.api.plugins.JvmEcosystemPlugin$Inject expected enum ORG_GRADLE_API_PLUGINS_JVMECOSYSTEMPLUGIN
[        ] Analytics other plugin to proto: Unknown plugin type org.gradle.api.plugins.JvmToolchainsPlugin$Inject expected enum ORG_GRADLE_API_PLUGINS_JVMTOOLCHAINSPLUGIN
[        ] Analytics other plugin to proto: Unknown plugin type org.gradle.kotlin.dsl.provider.plugins.KotlinScriptBasePlugin$Inject expected enum ORG_GRADLE_KOTLIN_DSL_PROVIDER_PLUGINS_KOTLINSCRIPTBASEPLUGIN
[        ] Analytics other plugin to proto: Unknown plugin type Dependency_version_checker_gradle$FlutterDependencyCheckerPlugin expected enum DEPENDENCY_VERSION_CHECKER_GRADLE$FLUTTERDEPENDENCYCHECKERPLUGIN
[        ] Analytics other plugin to proto: Unknown plugin type Flutter_gradle$FlutterPluginKts expected enum FLUTTER_GRADLE$FLUTTERPLUGINKTS
[        ] Analytics other plugin to proto: Unknown plugin type FlutterPlugin expected enum FLUTTERPLUGIN
[        ] Analytics other plugin to proto: Unknown plugin type org.gradle.api.plugins.JvmEcosystemPlugin$Inject expected enum ORG_GRADLE_API_PLUGINS_JVMECOSYSTEMPLUGIN
[        ] Analytics other plugin to proto: Unknown plugin type org.gradle.api.plugins.JvmToolchainsPlugin$Inject expected enum ORG_GRADLE_API_PLUGINS_JVMTOOLCHAINSPLUGIN
[        ] Analytics other plugin to proto: Unknown plugin type org.gradle.api.plugins.JvmEcosystemPlugin$Inject expected enum ORG_GRADLE_API_PLUGINS_JVMECOSYSTEMPLUGIN
[        ] Analytics other plugin to proto: Unknown plugin type org.gradle.api.plugins.JvmToolchainsPlugin$Inject expected enum ORG_GRADLE_API_PLUGINS_JVMTOOLCHAINSPLUGIN
[        ] Analytics other plugin to proto: Unknown plugin type de.mannodermaus.gradle.plugins.junit5.AndroidJUnitPlatformPlugin expected enum DE_MANNODERMAUS_GRADLE_PLUGINS_JUNIT5_ANDROIDJUNITPLATFORMPLUGIN
[        ] Analytics other plugin to proto: Unknown plugin type org.gradle.api.plugins.JvmEcosystemPlugin$Inject expected enum ORG_GRADLE_API_PLUGINS_JVMECOSYSTEMPLUGIN
[        ] Analytics other plugin to proto: Unknown plugin type org.gradle.api.plugins.JvmToolchainsPlugin$Inject expected enum ORG_GRADLE_API_PLUGINS_JVMTOOLCHAINSPLUGIN
[        ] Analytics other plugin to proto: Unknown plugin type org.gradle.api.plugins.JvmEcosystemPlugin$Inject expected enum ORG_GRADLE_API_PLUGINS_JVMECOSYSTEMPLUGIN
[        ] Analytics other plugin to proto: Unknown plugin type org.gradle.api.plugins.JvmToolchainsPlugin$Inject expected enum ORG_GRADLE_API_PLUGINS_JVMTOOLCHAINSPLUGIN
[        ] Analytics other plugin to proto: Unknown plugin type org.gradle.api.plugins.JvmEcosystemPlugin$Inject expected enum ORG_GRADLE_API_PLUGINS_JVMECOSYSTEMPLUGIN
[        ] Analytics other plugin to proto: Unknown plugin type org.gradle.api.plugins.JvmToolchainsPlugin$Inject expected enum ORG_GRADLE_API_PLUGINS_JVMTOOLCHAINSPLUGIN
[        ] Analytics other plugin to proto: Unknown plugin type org.gradle.api.plugins.JvmEcosystemPlugin$Inject expected enum ORG_GRADLE_API_PLUGINS_JVMECOSYSTEMPLUGIN
[        ] Analytics other plugin to proto: Unknown plugin type org.gradle.api.plugins.JvmToolchainsPlugin$Inject expected enum ORG_GRADLE_API_PLUGINS_JVMTOOLCHAINSPLUGIN
[        ] Analytics other plugin to proto: Unknown plugin type org.gradle.api.plugins.JvmEcosystemPlugin$Inject expected enum ORG_GRADLE_API_PLUGINS_JVMECOSYSTEMPLUGIN
[        ] Analytics other plugin to proto: Unknown plugin type org.gradle.api.plugins.JvmToolchainsPlugin$Inject expected enum ORG_GRADLE_API_PLUGINS_JVMTOOLCHAINSPLUGIN
[        ] Analytics other plugin to proto: Unknown plugin type org.gradle.api.plugins.JvmEcosystemPlugin$Inject expected enum ORG_GRADLE_API_PLUGINS_JVMECOSYSTEMPLUGIN
[        ] Analytics other plugin to proto: Unknown plugin type org.gradle.api.plugins.JvmToolchainsPlugin$Inject expected enum ORG_GRADLE_API_PLUGINS_JVMTOOLCHAINSPLUGIN
[        ] work action Parameters of DexingWithClasspathTransform (Thread[Execution worker Thread 7,5,main]) started.
[        ] Resolve mutations for :app:preBuild (Thread[Execution worker Thread 7,5,main]) started.
[        ] :app:preBuild (Thread[Execution worker Thread 7,5,main]) started.
[        ] > Task :app:preBuild UP-TO-DATE
[        ] Skipping task ':app:preBuild' as it has no actions.
[        ] Resolve mutations for :app:preDebugBuild (Thread[Execution worker Thread 7,5,main]) started.
[        ] :app:preDebugBuild (Thread[included builds,5,main]) started.
[        ] > Task :app:preDebugBuild UP-TO-DATE
[        ] Skipping task ':app:preDebugBuild' as it has no actions.
[        ] Resolve mutations for :app:mergeDebugNativeDebugMetadata (Thread[included builds,5,main]) started.
[        ] :app:mergeDebugNativeDebugMetadata (Thread[included builds,5,main]) started.
[        ] > Task :app:mergeDebugNativeDebugMetadata NO-SOURCE
[        ] Skipping task ':app:mergeDebugNativeDebugMetadata' as it has no source files and no previous output files.
[        ] Resolve mutations for :app:compileFlutterBuildDebug (Thread[included builds,5,main]) started.
[        ] :app:compileFlutterBuildDebug (Thread[included builds,5,main]) started.
[+1596 ms] > Task :app:compileFlutterBuildDebug FAILED
[        ] Caching disabled for task ':app:compileFlutterBuildDebug' because:
[        ]   Build cache is disabled
[        ] Task ':app:compileFlutterBuildDebug' is not up-to-date because:
[        ]   Task has failed previously.
[        ] Starting process 'command 'C:\flutter_sdk\bin\flutter.bat''. Working directory: C:\Users\jtm02\Desktop\antigravity\allinfold\holdem_allin_fold Command: C:\flutter_sdk\bin\flutter.bat --verbose assemble --no-version-check --depfile C:\Users\jtm02\Desktop\antigravity\allinfold\holdem_allin_fold\build\app\intermediates\flutter\debug/flutter_build.d --output C:\Users\jtm02\Desktop\antigravity\allinfold\holdem_allin_fold\build\app\intermediates\flutter\debug -dTargetFile=lib\main.dart -dTargetPlatform=android -dBuildMode=debug -dTrackWidgetCreation=true -dFlavor= -dAndroidArchs=android-arm android-arm64 android-x64 -dMinSdkVersion=21 debug_android_application
[        ] Successfully started process 'command 'C:\flutter_sdk\bin\flutter.bat''
[        ] [  +52 ms] Artifact Instance of 'AndroidGenSnapshotArtifacts' is not required, skipping update.
[        ] [   +2 ms] Artifact Instance of 'AndroidInternalBuildArtifacts' is not required, skipping update.
[        ] [        ] Artifact Instance of 'IOSEngineArtifacts' is not required, skipping update.
[        ] [        ] Artifact Instance of 'FlutterWebSdk' is not required, skipping update.
[        ] [        ] Artifact Instance of 'LegacyCanvasKitRemover' is not required, skipping update.
[        ] [   +1 ms] Artifact Instance of 'WindowsEngineArtifacts' is not required, skipping update.
[        ] [        ] Artifact Instance of 'MacOSEngineArtifacts' is not required, skipping update.
[        ] [        ] Artifact Instance of 'LinuxEngineArtifacts' is not required, skipping update.
[        ] [        ] Artifact Instance of 'LinuxFuchsiaSDKArtifacts' is not required, skipping update.
[        ] [        ] Artifact Instance of 'MacOSFuchsiaSDKArtifacts' is not required, skipping update.
[        ] [        ] Artifact Instance of 'FlutterRunnerSDKArtifacts' is not required, skipping update.
[        ] [        ] Artifact Instance of 'FlutterRunnerDebugSymbols' is not required, skipping update.
[        ] [  +50 ms] Artifact Instance of 'MaterialFonts' is not required, skipping update.
[        ] [        ] Artifact Instance of 'GradleWrapper' is not required, skipping update.
[        ] [   +1 ms] Artifact Instance of 'AndroidInternalBuildArtifacts' is not required, skipping update.
[        ] [        ] Artifact Instance of 'IOSEngineArtifacts' is not required, skipping update.
[        ] [        ] Artifact Instance of 'FlutterWebSdk' is not required, skipping update.
[        ] [        ] Artifact Instance of 'LegacyCanvasKitRemover' is not required, skipping update.
[        ] [        ] Artifact Instance of 'FlutterSdk' is not required, skipping update.
[        ] [        ] Artifact Instance of 'WindowsEngineArtifacts' is not required, skipping update.
[        ] [        ] Artifact Instance of 'MacOSEngineArtifacts' is not required, skipping update.
[        ] [        ] Artifact Instance of 'LinuxEngineArtifacts' is not required, skipping update.
[        ] [        ] Artifact Instance of 'LinuxFuchsiaSDKArtifacts' is not required, skipping update.
[        ] [        ] Artifact Instance of 'MacOSFuchsiaSDKArtifacts' is not required, skipping update.
[        ] [        ] Artifact Instance of 'FlutterRunnerSDKArtifacts' is not required, skipping update.
[        ] [        ] Artifact Instance of 'FlutterRunnerDebugSymbols' is not required, skipping update.
[        ] [        ] Artifact Instance of 'IosUsbArtifacts' is not required, skipping update.
[        ] [        ] Artifact Instance of 'IosUsbArtifacts' is not required, skipping update.
[        ] [        ] Artifact Instance of 'IosUsbArtifacts' is not required, skipping update.
[        ] [        ] Artifact Instance of 'IosUsbArtifacts' is not required, skipping update.
[        ] [        ] Artifact Instance of 'IosUsbArtifacts' is not required, skipping update.
[        ] [        ] Artifact Instance of 'FontSubsetArtifacts' is not required, skipping update.
[        ] [        ] Artifact Instance of 'PubDependencies' is not required, skipping update.
[        ] [  +30 ms] Initializing file store
[        ] [  +10 ms] Done initializing file store
[        ] [  +42 ms] Skipping target: gen_localizations
[        ] [   +5 ms] Skipping target: gen_dart_plugin_registrant
[        ] [ +263 ms] kernel_snapshot_program: Starting due to {}
[        ] [   +8 ms] C:\flutter_sdk\bin\cache\dart-sdk\bin\dartaotruntime.exe --disable-dart-dev C:\flutter_sdk\bin\cache\dart-sdk\bin\snapshots\frontend_server_aot.dart.snapshot --sdk-root C:\flutter_sdk\bin\cache\artifacts\engine\common\flutter_patched_sdk/ --target=flutter --no-print-incremental-dependencies -Ddart.vm.profile=false -Ddart.vm.product=false --enable-asserts --track-widget-creation --no-link-platform --packages C:\Users\jtm02\Desktop\antigravity\allinfold\holdem_allin_fold\.dart_tool\package_config.json --output-dill C:\Users\jtm02\Desktop\antigravity\allinfold\holdem_allin_fold\.dart_tool\flutter_build\c1965a8175fb42ba0fb0c13ee9392a79\program.dill --depfile C:\Users\jtm02\Desktop\antigravity\allinfold\holdem_allin_fold\.dart_tool\flutter_build\c1965a8175fb42ba0fb0c13ee9392a79\kernel_snapshot_program.d --incremental --initialize-from-dill C:\Users\jtm02\Desktop\antigravity\allinfold\holdem_allin_fold\.dart_tool\flutter_build\c1965a8175fb42ba0fb0c13ee9392a79\program.dill --source file:///C:/Users/jtm02/Desktop/antigravity/allinfold/holdem_allin_fold/.dart_tool/flutter_build/dart_plugin_registrant.dart --source package:flutter/src/dart_plugin_registrant.dart -Dflutter.dart_plugin_registrant=file:///C:/Users/jtm02/Desktop/antigravity/allinfold/holdem_allin_fold/.dart_tool/flutter_build/dart_plugin_registrant.dart --verbosity=error package:holdem_allin_fold/main.dart
[        ] [ +155 ms] Persisting file store
[        ] [   +7 ms] Done persisting file store
[        ] [ +672 ms] lib/features/home/widgets/gto/gto_hero_stage.dart:163:21: Error: No named parameter with the name 'border'.
[        ] [        ]                     border: Border(
[        ] [        ]                     ^^^^^^
[        ] [        ] /C:/flutter_sdk/packages/flutter/lib/src/widgets/container.dart:246:3: Context: Found this candidate, but the arguments don't match.
[        ] [        ]   Container({
[        ] [        ]   ^^^^^^^^^
[        ] [   +1 ms] Target kernel_snapshot_program failed: Exception
[        ]            #0      KernelSnapshotProgram.build (package:flutter_tools/src/build_system/targets/common.dart:276:7)
[        ]            <asynchronous suspension>
[        ]            #1      _BuildInstance._invokeInternal (package:flutter_tools/src/build_system/build_system.dart:875:9)
[        ]            <asynchronous suspension>
[        ]            #2      Future.wait.<anonymous closure> (dart:async/future.dart:534:21)
[        ]            <asynchronous suspension>
[        ]            #3      _BuildInstance.invokeTarget (package:flutter_tools/src/build_system/build_system.dart:813:32)
[        ]            <asynchronous suspension>
[        ]            #4      Future.wait.<anonymous closure> (dart:async/future.dart:534:21)
[        ]            <asynchronous suspension>
[        ]            #5      _BuildInstance.invokeTarget (package:flutter_tools/src/build_system/build_system.dart:813:32)
[        ]            <asynchronous suspension>
[        ]            #6      Future.wait.<anonymous closure> (dart:async/future.dart:534:21)
[        ]            <asynchronous suspension>
[        ]            #7      _BuildInstance.invokeTarget (package:flutter_tools/src/build_system/build_system.dart:813:32)
[        ]            <asynchronous suspension>
[        ]            #8      Future.wait.<anonymous closure> (dart:async/future.dart:534:21)
[        ]            <asynchronous suspension>
[        ]            #9      _BuildInstance.invokeTarget (package:flutter_tools/src/build_system/build_system.dart:813:32)
[        ]            <asynchronous suspension>
[        ]            #10     FlutterBuildSystem.build (package:flutter_tools/src/build_system/build_system.dart:635:16)
[        ]            <asynchronous suspension>
[        ]            #11     AssembleCommand.runCommand (package:flutter_tools/src/commands/assemble.dart:328:32)
[        ]            <asynchronous suspension>
[        ]            #12     FlutterCommand.run.<anonymous closure> (package:flutter_tools/src/runner/flutter_command.dart:1408:27)
[        ]            <asynchronous suspension>
[        ]            #13     AppContext.run.<anonymous closure> (package:flutter_tools/src/base/context.dart:153:19)
[        ]            <asynchronous suspension>
[        ]            #14     CommandRunner.runCommand (package:args/command_runner.dart:212:13)
[        ]            <asynchronous suspension>
[        ]            #15     FlutterCommandRunner.runCommand.<anonymous closure> (package:flutter_tools/src/runner/flutter_command_runner.dart:420:9)
[        ]            <asynchronous suspension>
[        ]            #16     AppContext.run.<anonymous closure> (package:flutter_tools/src/base/context.dart:153:19)
[        ]            <asynchronous suspension>
[        ]            #17     FlutterCommandRunner.runCommand (package:flutter_tools/src/runner/flutter_command_runner.dart:364:5)
[        ]            <asynchronous suspension>
[        ]            #18     run.<anonymous closure>.<anonymous closure> (package:flutter_tools/runner.dart:130:9)
[        ]            <asynchronous suspension>
[        ]            #19     AppContext.run.<anonymous closure> (package:flutter_tools/src/base/context.dart:153:19)
[        ]            <asynchronous suspension>
[        ]            #20     main (package:flutter_tools/executable.dart:93:3)
[        ]            <asynchronous suspension>
[        ] [  +23 ms] 
[        ]            #0      throwToolExit (package:flutter_tools/src/base/common.dart:10:3)
[        ]            #1      AssembleCommand.runCommand (package:flutter_tools/src/commands/assemble.dart:345:7)
[        ]            <asynchronous suspension>
[        ]            #2      FlutterCommand.run.<anonymous closure> (package:flutter_tools/src/runner/flutter_command.dart:1408:27)
[        ]            <asynchronous suspension>
[        ]            #3      AppContext.run.<anonymous closure> (package:flutter_tools/src/base/context.dart:153:19)
[        ]            <asynchronous suspension>
[        ]            #4      CommandRunner.runCommand (package:args/command_runner.dart:212:13)
[        ]            <asynchronous suspension>
[        ]            #5      FlutterCommandRunner.runCommand.<anonymous closure> (package:flutter_tools/src/runner/flutter_command_runner.dart:420:9)
[        ]            <asynchronous suspension>
[        ]            #6      AppContext.run.<anonymous closure> (package:flutter_tools/src/base/context.dart:153:19)
[        ]            <asynchronous suspension>
[        ]            #7      FlutterCommandRunner.runCommand (package:flutter_tools/src/runner/flutter_command_runner.dart:364:5)
[        ]            <asynchronous suspension>
[        ]            #8      run.<anonymous closure>.<anonymous closure> (package:flutter_tools/runner.dart:130:9)
[        ]            <asynchronous suspension>
[        ] [   +3 ms] "flutter assemble" took 1,265ms.
[        ] [ +143 ms] ensureAnalyticsSent: 142ms
[        ] [        ] Running 1 shutdown hook
[        ] [        ] Shutdown hooks complete
[        ] [   +2 ms] exiting with code 1
[        ]            #9      AppContext.run.<anonymous closure> (package:flutter_tools/src/base/context.dart:153:19)
[        ]            <asynchronous suspension>
[        ]            #10     main (package:flutter_tools/executable.dart:93:3)
[        ]            <asynchronous suspension>
[        ] FAILURE: Build failed with an exception.
[        ] * What went wrong:
[        ] Execution failed for task ':app:compileFlutterBuildDebug'.
[        ] > Process 'command 'C:\flutter_sdk\bin\flutter.bat'' finished with non-zero exit value 1
[        ] * Try:
[        ] > Run with --debug option to get more log output.
[        ] > Run with --scan to get full insights.
[        ] > Get more help at https://help.gradle.org.
[        ] * Exception is:
[        ] org.gradle.api.tasks.TaskExecutionException: Execution failed for task ':app:compileFlutterBuildDebug'.
[        ] 	at org.gradle.api.internal.tasks.execution.ExecuteActionsTaskExecuter.lambda$executeIfValid$1(ExecuteActionsTaskExecuter.java:149)
[        ] 	at org.gradle.internal.Try$Failure.ifSuccessfulOrElse(Try.java:282)
[        ] 	at org.gradle.api.internal.tasks.execution.ExecuteActionsTaskExecuter.executeIfValid(ExecuteActionsTaskExecuter.java:147)
[        ] 	at org.gradle.api.internal.tasks.execution.ExecuteActionsTaskExecuter.execute(ExecuteActionsTaskExecuter.java:135)
[        ] 	at org.gradle.api.internal.tasks.execution.FinalizePropertiesTaskExecuter.execute(FinalizePropertiesTaskExecuter.java:46)
[        ] 	at org.gradle.api.internal.tasks.execution.ResolveTaskExecutionModeExecuter.execute(ResolveTaskExecutionModeExecuter.java:51)
[        ] 	at org.gradle.api.internal.tasks.execution.SkipTaskWithNoActionsExecuter.execute(SkipTaskWithNoActionsExecuter.java:57)
[        ] 	at org.gradle.api.internal.tasks.execution.SkipOnlyIfTaskExecuter.execute(SkipOnlyIfTaskExecuter.java:74)
[        ] 	at org.gradle.api.internal.tasks.execution.CatchExceptionTaskExecuter.execute(CatchExceptionTaskExecuter.java:36)
[        ] 	at org.gradle.api.internal.tasks.execution.EventFiringTaskExecuter$1.executeTask(EventFiringTaskExecuter.java:77)
[        ] 	at org.gradle.api.internal.tasks.execution.EventFiringTaskExecuter$1.call(EventFiringTaskExecuter.java:55)
[        ] 	at org.gradle.api.internal.tasks.execution.EventFiringTaskExecuter$1.call(EventFiringTaskExecuter.java:52)
[        ] 	at org.gradle.internal.operations.DefaultBuildOperationRunner$CallableBuildOperationWorker.execute(DefaultBuildOperationRunner.java:204)
[        ] 	at org.gradle.internal.operations.DefaultBuildOperationRunner$CallableBuildOperationWorker.execute(DefaultBuildOperationRunner.java:199)
[        ] 	at org.gradle.internal.operations.DefaultBuildOperationRunner$2.execute(DefaultBuildOperationRunner.java:66)
[        ] 	at org.gradle.internal.operations.DefaultBuildOperationRunner$2.execute(DefaultBuildOperationRunner.java:59)
[        ] 	at org.gradle.internal.operations.DefaultBuildOperationRunner.execute(DefaultBuildOperationRunner.java:157)
[        ] 	at org.gradle.internal.operations.DefaultBuildOperationRunner.execute(DefaultBuildOperationRunner.java:59)
[        ] 	at org.gradle.internal.operations.DefaultBuildOperationRunner.call(DefaultBuildOperationRunner.java:53)
[        ] 	at org.gradle.internal.operations.DefaultBuildOperationExecutor.call(DefaultBuildOperationExecutor.java:73)
[        ] 	at org.gradle.api.internal.tasks.execution.EventFiringTaskExecuter.execute(EventFiringTaskExecuter.java:52)
[        ] 	at org.gradle.execution.plan.LocalTaskNodeExecutor.execute(LocalTaskNodeExecutor.java:42)
[        ] 	at org.gradle.execution.taskgraph.DefaultTaskExecutionGraph$InvokeNodeExecutorsAction.execute(DefaultTaskExecutionGraph.java:331)
[        ] 	at org.gradle.execution.taskgraph.DefaultTaskExecutionGraph$InvokeNodeExecutorsAction.execute(DefaultTaskExecutionGraph.java:318)
[        ] 	at org.gradle.execution.taskgraph.DefaultTaskExecutionGraph$BuildOperationAwareExecutionAction.lambda$execute$0(DefaultTaskExecutionGraph.java:314)
[        ] 	at org.gradle.internal.operations.CurrentBuildOperationRef.with(CurrentBuildOperationRef.java:80)
[        ] 	at org.gradle.execution.taskgraph.DefaultTaskExecutionGraph$BuildOperationAwareExecutionAction.execute(DefaultTaskExecutionGraph.java:314)
[        ] 	at org.gradle.execution.taskgraph.DefaultTaskExecutionGraph$BuildOperationAwareExecutionAction.execute(DefaultTaskExecutionGraph.java:303)
[        ] 	at org.gradle.execution.plan.DefaultPlanExecutor$ExecutorWorker.execute(DefaultPlanExecutor.java:463)
[        ] 	at org.gradle.execution.plan.DefaultPlanExecutor$ExecutorWorker.run(DefaultPlanExecutor.java:380)
[        ] 	at org.gradle.execution.plan.DefaultPlanExecutor.process(DefaultPlanExecutor.java:116)
[        ] 	at org.gradle.execution.taskgraph.DefaultTaskExecutionGraph.executeWithServices(DefaultTaskExecutionGraph.java:138)
[        ] 	at org.gradle.execution.taskgraph.DefaultTaskExecutionGraph.execute(DefaultTaskExecutionGraph.java:123)
[        ] 	at org.gradle.execution.SelectedTaskExecutionAction.execute(SelectedTaskExecutionAction.java:35)
[        ] 	at org.gradle.execution.DryRunBuildExecutionAction.execute(DryRunBuildExecutionAction.java:51)
[        ] 	at org.gradle.execution.BuildOperationFiringBuildWorkerExecutor$ExecuteTasks.call(BuildOperationFiringBuildWorkerExecutor.java:54)
[        ] 	at org.gradle.execution.BuildOperationFiringBuildWorkerExecutor$ExecuteTasks.call(BuildOperationFiringBuildWorkerExecutor.java:43)
[        ] 	at org.gradle.internal.operations.DefaultBuildOperationRunner$CallableBuildOperationWorker.execute(DefaultBuildOperationRunner.java:204)
[        ] 	at org.gradle.internal.operations.DefaultBuildOperationRunner$CallableBuildOperationWorker.execute(DefaultBuildOperationRunner.java:199)
[        ] 	at org.gradle.internal.operations.DefaultBuildOperationRunner$2.execute(DefaultBuildOperationRunner.java:66)
[        ] 	at org.gradle.internal.operations.DefaultBuildOperationRunner$2.execute(DefaultBuildOperationRunner.java:59)
[        ] 	at org.gradle.internal.operations.DefaultBuildOperationRunner.execute(DefaultBuildOperationRunner.java:157)
[        ] 	at org.gradle.internal.operations.DefaultBuildOperationRunner.execute(DefaultBuildOperationRunner.java:59)
[        ] 	at org.gradle.internal.operations.DefaultBuildOperationRunner.call(DefaultBuildOperationRunner.java:53)
[        ] 	at org.gradle.internal.operations.DefaultBuildOperationExecutor.call(DefaultBuildOperationExecutor.java:73)
[        ] 	at org.gradle.execution.BuildOperationFiringBuildWorkerExecutor.execute(BuildOperationFiringBuildWorkerExecutor.java:40)
[        ] 	at org.gradle.internal.build.DefaultBuildLifecycleController.lambda$executeTasks$10(DefaultBuildLifecycleController.java:264)
[        ] 	at org.gradle.internal.model.StateTransitionController.doTransition(StateTransitionController.java:266)
[        ] 	at org.gradle.internal.model.StateTransitionController.lambda$tryTransition$8(StateTransitionController.java:177)
[        ] 	at org.gradle.internal.work.DefaultSynchronizer.withLock(DefaultSynchronizer.java:44)
[        ] 	at org.gradle.internal.model.StateTransitionController.tryTransition(StateTransitionController.java:177)
[        ] 	at org.gradle.internal.build.DefaultBuildLifecycleController.executeTasks(DefaultBuildLifecycleController.java:255)
[        ] 	at org.gradle.internal.build.DefaultBuildWorkGraphController$DefaultBuildWorkGraph.runWork(DefaultBuildWorkGraphController.java:220)
[        ] 	at org.gradle.internal.work.DefaultWorkerLeaseService.withLocks(DefaultWorkerLeaseService.java:264)
[        ] 	at org.gradle.internal.work.DefaultWorkerLeaseService.runAsWorkerThread(DefaultWorkerLeaseService.java:128)
[        ] 	at org.gradle.composite.internal.DefaultBuildController.doRun(DefaultBuildController.java:181)
[        ] 	at org.gradle.composite.internal.DefaultBuildController.access$000(DefaultBuildController.java:50)
[        ] 	at org.gradle.composite.internal.DefaultBuildController$BuildOpRunnable.lambda$run$0(DefaultBuildController.java:198)
[        ] 	at org.gradle.internal.operations.CurrentBuildOperationRef.with(CurrentBuildOperationRef.java:80)
[        ] 	at org.gradle.composite.internal.DefaultBuildController$BuildOpRunnable.run(DefaultBuildController.java:198)
[        ] 	at java.base/java.util.concurrent.Executors$RunnableAdapter.call(Executors.java:539)
[        ] 	at java.base/java.util.concurrent.FutureTask.run(FutureTask.java:264)
[        ] 	at org.gradle.internal.concurrent.ExecutorPolicy$CatchAndRecordFailures.onExecute(ExecutorPolicy.java:64)
[        ] 	at org.gradle.internal.concurrent.AbstractManagedExecutor$1.run(AbstractManagedExecutor.java:47)
[        ] 	at java.base/java.util.concurrent.ThreadPoolExecutor.runWorker(ThreadPoolExecutor.java:1136)
[        ] 	at java.base/java.util.concurrent.ThreadPoolExecutor$Worker.run(ThreadPoolExecutor.java:635)
[        ] 	at java.base/java.lang.Thread.run(Thread.java:840)
[        ] Caused by: org.gradle.process.internal.ExecException: Process 'command 'C:\flutter_sdk\bin\flutter.bat'' finished with non-zero exit value 1
[        ] 	at org.gradle.process.internal.DefaultExecHandle$ExecResultImpl.assertNormalExitValue(DefaultExecHandle.java:431)
[        ] 	at org.gradle.process.internal.DefaultExecAction.execute(DefaultExecAction.java:38)
[        ] 	at org.gradle.process.internal.DefaultExecActionFactory.exec(DefaultExecActionFactory.java:202)
[        ] 	at org.gradle.api.internal.project.DefaultProject.exec(DefaultProject.java:1232)
[        ] 	at org.gradle.api.internal.project.DefaultProject.exec(DefaultProject.java:1227)
[        ] 	at org.gradle.api.Project$exec$8.call(Unknown Source)
[        ] 	at BaseFlutterTask.buildBundle(flutter.groovy:1687)
[        ] 	at BaseFlutterTask$buildBundle.callCurrent(Unknown Source)
[        ] 	at FlutterTask.build(flutter.groovy:1825)
[        ] 	at jdk.internal.reflect.GeneratedMethodAccessor2571.invoke(Unknown Source)
[        ] 	at java.base/jdk.internal.reflect.DelegatingMethodAccessorImpl.invoke(DelegatingMethodAccessorImpl.java:43)
[        ] 	at java.base/java.lang.reflect.Method.invoke(Method.java:569)
[        ] 	at org.gradle.internal.reflect.JavaMethod.invoke(JavaMethod.java:125)
[        ] 	at org.gradle.api.internal.project.taskfactory.StandardTaskAction.doExecute(StandardTaskAction.java:58)
[        ] 	at org.gradle.api.internal.project.taskfactory.StandardTaskAction.execute(StandardTaskAction.java:51)
[        ] 	at org.gradle.api.internal.project.taskfactory.StandardTaskAction.execute(StandardTaskAction.java:29)
[        ] 	at org.gradle.api.internal.tasks.execution.TaskExecution$3.run(TaskExecution.java:248)
[        ] 	at org.gradle.internal.operations.DefaultBuildOperationRunner$1.execute(DefaultBuildOperationRunner.java:29)
[        ] 	at org.gradle.internal.operations.DefaultBuildOperationRunner$1.execute(DefaultBuildOperationRunner.java:26)
[        ] 	at org.gradle.internal.operations.DefaultBuildOperationRunner$2.execute(DefaultBuildOperationRunner.java:66)
[        ] 	at org.gradle.internal.operations.DefaultBuildOperationRunner$2.execute(DefaultBuildOperationRunner.java:59)
[        ] 	at org.gradle.internal.operations.DefaultBuildOperationRunner.execute(DefaultBuildOperationRunner.java:157)
[        ] 	at org.gradle.internal.operations.DefaultBuildOperationRunner.execute(DefaultBuildOperationRunner.java:59)
[        ] 	at org.gradle.internal.operations.DefaultBuildOperationRunner.run(DefaultBuildOperationRunner.java:47)
[        ] 	at org.gradle.internal.operations.DefaultBuildOperationExecutor.run(DefaultBuildOperationExecutor.java:68)
[        ] 	at org.gradle.api.internal.tasks.execution.TaskExecution.executeAction(TaskExecution.java:233)
[        ] 	at org.gradle.api.internal.tasks.execution.TaskExecution.executeActions(TaskExecution.java:216)
[        ] 	at org.gradle.api.internal.tasks.execution.TaskExecution.executeWithPreviousOutputFiles(TaskExecution.java:199)
[        ] 	at org.gradle.api.internal.tasks.execution.TaskExecution.execute(TaskExecution.java:166)
[        ] 	at org.gradle.internal.execution.steps.ExecuteStep.executeInternal(ExecuteStep.java:105)
[        ] 	at org.gradle.internal.execution.steps.ExecuteStep.access$000(ExecuteStep.java:44)
[        ] 	at org.gradle.internal.execution.steps.ExecuteStep$1.call(ExecuteStep.java:59)
[        ] 	at org.gradle.internal.execution.steps.ExecuteStep$1.call(ExecuteStep.java:56)
[        ] 	at org.gradle.internal.operations.DefaultBuildOperationRunner$CallableBuildOperationWorker.execute(DefaultBuildOperationRunner.java:204)
[        ] 	at org.gradle.internal.operations.DefaultBuildOperationRunner$CallableBuildOperationWorker.execute(DefaultBuildOperationRunner.java:199)
[        ] 	at org.gradle.internal.operations.DefaultBuildOperationRunner$2.execute(DefaultBuildOperationRunner.java:66)
[        ] 	at org.gradle.internal.operations.DefaultBuildOperationRunner$2.execute(DefaultBuildOperationRunner.java:59)
[        ] 	at org.gradle.internal.operations.DefaultBuildOperationRunner.execute(DefaultBuildOperationRunner.java:157)
[        ] 	at org.gradle.internal.operations.DefaultBuildOperationRunner.execute(DefaultBuildOperationRunner.java:59)
[        ] 	at org.gradle.internal.operations.DefaultBuildOperationRunner.call(DefaultBuildOperationRunner.java:53)
[        ] 	at org.gradle.internal.operations.DefaultBuildOperationExecutor.call(DefaultBuildOperationExecutor.java:73)
[        ] 	at org.gradle.internal.execution.steps.ExecuteStep.execute(ExecuteStep.java:56)
[        ] 	at org.gradle.internal.execution.steps.ExecuteStep.execute(ExecuteStep.java:44)
[        ] 	at org.gradle.internal.execution.steps.RemovePreviousOutputsStep.execute(RemovePreviousOutputsStep.java:67)
[        ] 	at org.gradle.internal.execution.steps.RemovePreviousOutputsStep.execute(RemovePreviousOutputsStep.java:37)
[        ] 	at org.gradle.internal.execution.steps.CancelExecutionStep.execute(CancelExecutionStep.java:41)
[        ] 	at org.gradle.internal.execution.steps.TimeoutStep.executeWithoutTimeout(TimeoutStep.java:74)
[        ] 	at org.gradle.internal.execution.steps.TimeoutStep.execute(TimeoutStep.java:55)
[        ] 	at org.gradle.internal.execution.steps.CreateOutputsStep.execute(CreateOutputsStep.java:50)
[        ] 	at org.gradle.internal.execution.steps.CreateOutputsStep.execute(CreateOutputsStep.java:28)
[        ] 	at org.gradle.internal.execution.steps.CaptureStateAfterExecutionStep.executeDelegateBroadcastingChanges(CaptureStateAfterExecutionStep.java:100)
[        ] 	at org.gradle.internal.execution.steps.CaptureStateAfterExecutionStep.execute(CaptureStateAfterExecutionStep.java:72)
[        ] 	at org.gradle.internal.execution.steps.CaptureStateAfterExecutionStep.execute(CaptureStateAfterExecutionStep.java:50)
[        ] 	at org.gradle.internal.execution.steps.ResolveInputChangesStep.execute(ResolveInputChangesStep.java:40)
[        ] 	at org.gradle.internal.execution.steps.ResolveInputChangesStep.execute(ResolveInputChangesStep.java:29)
[        ] 	at org.gradle.internal.execution.steps.BuildCacheStep.executeWithoutCache(BuildCacheStep.java:179)
[        ] 	at org.gradle.internal.execution.steps.BuildCacheStep.lambda$execute$1(BuildCacheStep.java:70)
[        ] 	at org.gradle.internal.Either$Right.fold(Either.java:175)
[        ] 	at org.gradle.internal.execution.caching.CachingState.fold(CachingState.java:59)
[        ] 	at org.gradle.internal.execution.steps.BuildCacheStep.execute(BuildCacheStep.java:68)
[        ] 	at org.gradle.internal.execution.steps.BuildCacheStep.execute(BuildCacheStep.java:46)
[        ] 	at org.gradle.internal.execution.steps.StoreExecutionStateStep.execute(StoreExecutionStateStep.java:36)
[        ] 	at org.gradle.internal.execution.steps.StoreExecutionStateStep.execute(StoreExecutionStateStep.java:25)
[        ] 	at org.gradle.internal.execution.steps.RecordOutputsStep.execute(RecordOutputsStep.java:36)
[        ] 	at org.gradle.internal.execution.steps.RecordOutputsStep.execute(RecordOutputsStep.java:22)
[        ] 	at org.gradle.internal.execution.steps.SkipUpToDateStep.executeBecause(SkipUpToDateStep.java:91)
[        ] 	at org.gradle.internal.execution.steps.SkipUpToDateStep.lambda$execute$2(SkipUpToDateStep.java:55)
[        ] 	at java.base/java.util.Optional.orElseGet(Optional.java:364)
[        ] 	at org.gradle.internal.execution.steps.SkipUpToDateStep.execute(SkipUpToDateStep.java:55)
[        ] 	at org.gradle.internal.execution.steps.SkipUpToDateStep.execute(SkipUpToDateStep.java:37)
[        ] 	at org.gradle.internal.execution.steps.ResolveChangesStep.execute(ResolveChangesStep.java:65)
[        ] 	at org.gradle.internal.execution.steps.ResolveChangesStep.execute(ResolveChangesStep.java:36)
[        ] 	at org.gradle.internal.execution.steps.legacy.MarkSnapshottingInputsFinishedStep.execute(MarkSnapshottingInputsFinishedStep.java:37)
[        ] 	at org.gradle.internal.execution.steps.legacy.MarkSnapshottingInputsFinishedStep.execute(MarkSnapshottingInputsFinishedStep.java:27)
[        ] 	at org.gradle.internal.execution.steps.ResolveCachingStateStep.execute(ResolveCachingStateStep.java:77)
[        ] 	at org.gradle.internal.execution.steps.ResolveCachingStateStep.execute(ResolveCachingStateStep.java:38)
[        ] 	at org.gradle.internal.execution.steps.ValidateStep.execute(ValidateStep.java:94)
[        ] 	at org.gradle.internal.execution.steps.ValidateStep.execute(ValidateStep.java:49)
[        ] 	at org.gradle.internal.execution.steps.CaptureStateBeforeExecutionStep.execute(CaptureStateBeforeExecutionStep.java:71)
[        ] 	at org.gradle.internal.execution.steps.CaptureStateBeforeExecutionStep.execute(CaptureStateBeforeExecutionStep.java:45)
[        ] 	at org.gradle.internal.execution.steps.SkipEmptyWorkStep.executeWithNonEmptySources(SkipEmptyWorkStep.java:177)
[        ] 	at org.gradle.internal.execution.steps.SkipEmptyWorkStep.execute(SkipEmptyWorkStep.java:81)
[        ] 	at org.gradle.internal.execution.steps.SkipEmptyWorkStep.execute(SkipEmptyWorkStep.java:53)
[        ] 	at org.gradle.internal.execution.steps.RemoveUntrackedExecutionStateStep.execute(RemoveUntrackedExecutionStateStep.java:32)
[        ] 	at org.gradle.internal.execution.steps.RemoveUntrackedExecutionStateStep.execute(RemoveUntrackedExecutionStateStep.java:21)
[        ] 	at org.gradle.internal.execution.steps.legacy.MarkSnapshottingInputsStartedStep.execute(MarkSnapshottingInputsStartedStep.java:38)
[        ] 	at org.gradle.internal.execution.steps.LoadPreviousExecutionStateStep.execute(LoadPreviousExecutionStateStep.java:36)
[        ] 	at org.gradle.internal.execution.steps.LoadPreviousExecutionStateStep.execute(LoadPreviousExecutionStateStep.java:23)
[        ] 	at org.gradle.internal.execution.steps.CleanupStaleOutputsStep.execute(CleanupStaleOutputsStep.java:75)
[        ] 	at org.gradle.internal.execution.steps.CleanupStaleOutputsStep.execute(CleanupStaleOutputsStep.java:41)
[        ] 	at org.gradle.internal.execution.steps.ExecuteWorkBuildOperationFiringStep.lambda$execute$2(ExecuteWorkBuildOperationFiringStep.java:66)
[        ] 	at java.base/java.util.Optional.orElseGet(Optional.java:364)
[        ] 	at org.gradle.internal.execution.steps.ExecuteWorkBuildOperationFiringStep.execute(ExecuteWorkBuildOperationFiringStep.java:66)
[        ] 	at org.gradle.internal.execution.steps.ExecuteWorkBuildOperationFiringStep.execute(ExecuteWorkBuildOperationFiringStep.java:38)
[        ] 	at org.gradle.internal.execution.steps.AssignWorkspaceStep.lambda$execute$0(AssignWorkspaceStep.java:32)
[        ] 	at org.gradle.api.internal.tasks.execution.TaskExecution$4.withWorkspace(TaskExecution.java:293)
[        ] 	at org.gradle.internal.execution.steps.AssignWorkspaceStep.execute(AssignWorkspaceStep.java:30)
[        ] 	at org.gradle.internal.execution.steps.AssignWorkspaceStep.execute(AssignWorkspaceStep.java:21)
[        ] 	at org.gradle.internal.execution.steps.IdentityCacheStep.execute(IdentityCacheStep.java:37)
[        ] 	at org.gradle.internal.execution.steps.IdentityCacheStep.execute(IdentityCacheStep.java:27)
[        ] 	at org.gradle.internal.execution.steps.IdentifyStep.execute(IdentifyStep.java:47)
[        ] 	at org.gradle.internal.execution.steps.IdentifyStep.execute(IdentifyStep.java:34)
[        ] 	at org.gradle.internal.execution.impl.DefaultExecutionEngine$1.execute(DefaultExecutionEngine.java:64)
[        ] 	at org.gradle.api.internal.tasks.execution.ExecuteActionsTaskExecuter.executeIfValid(ExecuteActionsTaskExecuter.java:146)
[        ] 	at org.gradle.api.internal.tasks.execution.ExecuteActionsTaskExecuter.execute(ExecuteActionsTaskExecuter.java:135)
[        ] 	at org.gradle.api.internal.tasks.execution.FinalizePropertiesTaskExecuter.execute(FinalizePropertiesTaskExecuter.java:46)
[        ] 	at org.gradle.api.internal.tasks.execution.ResolveTaskExecutionModeExecuter.execute(ResolveTaskExecutionModeExecuter.java:51)
[        ] 	at org.gradle.api.internal.tasks.execution.SkipTaskWithNoActionsExecuter.execute(SkipTaskWithNoActionsExecuter.java:57)
[        ] 	at org.gradle.api.internal.tasks.execution.SkipOnlyIfTaskExecuter.execute(SkipOnlyIfTaskExecuter.java:74)
[        ] 	at org.gradle.api.internal.tasks.execution.CatchExceptionTaskExecuter.execute(CatchExceptionTaskExecuter.java:36)
[        ] 	at org.gradle.api.internal.tasks.execution.EventFiringTaskExecuter$1.executeTask(EventFiringTaskExecuter.java:77)
[        ] 	at org.gradle.api.internal.tasks.execution.EventFiringTaskExecuter$1.call(EventFiringTaskExecuter.java:55)
[        ] 	at org.gradle.api.internal.tasks.execution.EventFiringTaskExecuter$1.call(EventFiringTaskExecuter.java:52)
[        ] 	at org.gradle.internal.operations.DefaultBuildOperationRunner$CallableBuildOperationWorker.execute(DefaultBuildOperationRunner.java:204)
[        ] 	at org.gradle.internal.operations.DefaultBuildOperationRunner$CallableBuildOperationWorker.execute(DefaultBuildOperationRunner.java:199)
[        ] 	at org.gradle.internal.operations.DefaultBuildOperationRunner$2.execute(DefaultBuildOperationRunner.java:66)
[        ] 	at org.gradle.internal.operations.DefaultBuildOperationRunner$2.execute(DefaultBuildOperationRunner.java:59)
[        ] 	at org.gradle.internal.operations.DefaultBuildOperationRunner.execute(DefaultBuildOperationRunner.java:157)
[        ] 	at org.gradle.internal.operations.DefaultBuildOperationRunner.execute(DefaultBuildOperationRunner.java:59)
[        ] 	at org.gradle.internal.operations.DefaultBuildOperationRunner.call(DefaultBuildOperationRunner.java:53)
[        ] 	at org.gradle.internal.operations.DefaultBuildOperationExecutor.call(DefaultBuildOperationExecutor.java:73)
[        ] 	at org.gradle.api.internal.tasks.execution.EventFiringTaskExecuter.execute(EventFiringTaskExecuter.java:52)
[        ] 	at org.gradle.execution.plan.LocalTaskNodeExecutor.execute(LocalTaskNodeExecutor.java:42)
[        ] 	at org.gradle.execution.taskgraph.DefaultTaskExecutionGraph$InvokeNodeExecutorsAction.execute(DefaultTaskExecutionGraph.java:331)
[        ] 	at org.gradle.execution.taskgraph.DefaultTaskExecutionGraph$InvokeNodeExecutorsAction.execute(DefaultTaskExecutionGraph.java:318)
[        ] 	at org.gradle.execution.taskgraph.DefaultTaskExecutionGraph$BuildOperationAwareExecutionAction.lambda$execute$0(DefaultTaskExecutionGraph.java:314)
[        ] 	at org.gradle.internal.operations.CurrentBuildOperationRef.with(CurrentBuildOperationRef.java:80)
[        ] 	at org.gradle.execution.taskgraph.DefaultTaskExecutionGraph$BuildOperationAwareExecutionAction.execute(DefaultTaskExecutionGraph.java:314)
[        ] 	at org.gradle.execution.taskgraph.DefaultTaskExecutionGraph$BuildOperationAwareExecutionAction.execute(DefaultTaskExecutionGraph.java:303)
[        ] 	at org.gradle.execution.plan.DefaultPlanExecutor$ExecutorWorker.execute(DefaultPlanExecutor.java:463)
[        ] 	at org.gradle.execution.plan.DefaultPlanExecutor$ExecutorWorker.run(DefaultPlanExecutor.java:380)
[        ] 	at org.gradle.execution.plan.DefaultPlanExecutor.process(DefaultPlanExecutor.java:116)
[        ] 	at org.gradle.execution.taskgraph.DefaultTaskExecutionGraph.executeWithServices(DefaultTaskExecutionGraph.java:138)
[        ] 	at org.gradle.execution.taskgraph.DefaultTaskExecutionGraph.execute(DefaultTaskExecutionGraph.java:123)
[        ] 	at org.gradle.execution.SelectedTaskExecutionAction.execute(SelectedTaskExecutionAction.java:35)
[        ] 	at org.gradle.execution.DryRunBuildExecutionAction.execute(DryRunBuildExecutionAction.java:51)
[        ] 	at org.gradle.execution.BuildOperationFiringBuildWorkerExecutor$ExecuteTasks.call(BuildOperationFiringBuildWorkerExecutor.java:54)
[        ] 	at org.gradle.execution.BuildOperationFiringBuildWorkerExecutor$ExecuteTasks.call(BuildOperationFiringBuildWorkerExecutor.java:43)
[        ] 	at org.gradle.internal.operations.DefaultBuildOperationRunner$CallableBuildOperationWorker.execute(DefaultBuildOperationRunner.java:204)
[        ] 	at org.gradle.internal.operations.DefaultBuildOperationRunner$CallableBuildOperationWorker.execute(DefaultBuildOperationRunner.java:199)
[        ] 	at org.gradle.internal.operations.DefaultBuildOperationRunner$2.execute(DefaultBuildOperationRunner.java:66)
[        ] 	at org.gradle.internal.operations.DefaultBuildOperationRunner$2.execute(DefaultBuildOperationRunner.java:59)
[        ] 	at org.gradle.internal.operations.DefaultBuildOperationRunner.execute(DefaultBuildOperationRunner.java:157)
[        ] 	at org.gradle.internal.operations.DefaultBuildOperationRunner.execute(DefaultBuildOperationRunner.java:59)
[        ] 	at org.gradle.internal.operations.DefaultBuildOperationRunner.call(DefaultBuildOperationRunner.java:53)
[        ] 	at org.gradle.internal.operations.DefaultBuildOperationExecutor.call(DefaultBuildOperationExecutor.java:73)
[        ] 	at org.gradle.execution.BuildOperationFiringBuildWorkerExecutor.execute(BuildOperationFiringBuildWorkerExecutor.java:40)
[        ] 	at org.gradle.internal.build.DefaultBuildLifecycleController.lambda$executeTasks$10(DefaultBuildLifecycleController.java:264)
[        ] 	at org.gradle.internal.model.StateTransitionController.doTransition(StateTransitionController.java:266)
[        ] 	at org.gradle.internal.model.StateTransitionController.lambda$tryTransition$8(StateTransitionController.java:177)
[        ] 	at org.gradle.internal.work.DefaultSynchronizer.withLock(DefaultSynchronizer.java:44)
[        ] 	at org.gradle.internal.model.StateTransitionController.tryTransition(StateTransitionController.java:177)
[        ] 	at org.gradle.internal.build.DefaultBuildLifecycleController.executeTasks(DefaultBuildLifecycleController.java:255)
[        ] 	at org.gradle.internal.build.DefaultBuildWorkGraphController$DefaultBuildWorkGraph.runWork(DefaultBuildWorkGraphController.java:220)
[        ] 	at org.gradle.internal.work.DefaultWorkerLeaseService.withLocks(DefaultWorkerLeaseService.java:264)
[        ] 	at org.gradle.internal.work.DefaultWorkerLeaseService.runAsWorkerThread(DefaultWorkerLeaseService.java:128)
[        ] 	at org.gradle.composite.internal.DefaultBuildController.doRun(DefaultBuildController.java:181)
[        ] 	at org.gradle.composite.internal.DefaultBuildController.access$000(DefaultBuildController.java:50)
[        ] 	at org.gradle.composite.internal.DefaultBuildController$BuildOpRunnable.lambda$run$0(DefaultBuildController.java:198)
[        ] 	at org.gradle.internal.operations.CurrentBuildOperationRef.with(CurrentBuildOperationRef.java:80)
[        ] 	at org.gradle.composite.internal.DefaultBuildController$BuildOpRunnable.run(DefaultBuildController.java:198)
[        ] 	at java.base/java.util.concurrent.Executors$RunnableAdapter.call(Executors.java:539)
[        ] 	at java.base/java.util.concurrent.FutureTask.run(FutureTask.java:264)
[        ] 	at org.gradle.internal.concurrent.ExecutorPolicy$CatchAndRecordFailures.onExecute(ExecutorPolicy.java:64)
[        ] 	at org.gradle.internal.concurrent.AbstractManagedExecutor$1.run(AbstractManagedExecutor.java:47)
[        ] 	at java.base/java.util.concurrent.ThreadPoolExecutor.runWorker(ThreadPoolExecutor.java:1136)
[        ] 	at java.base/java.util.concurrent.ThreadPoolExecutor$Worker.run(ThreadPoolExecutor.java:635)
[        ] 	at java.base/java.lang.Thread.run(Thread.java:840)
[        ] BUILD FAILED in 3s
[        ] 5 actionable tasks: 1 executed, 4 up-to-date
[        ] Watched directory hierarchies: [C:\flutter_sdk\packages\flutter_tools\gradle, C:\Users\jtm02\Desktop\antigravity\allinfold\holdem_allin_fold\android, C:\Users\jtm02\Desktop\antigravity\allinfold\flutter\packages\flutter_tools\gradle]
[ +547 ms] Running Gradle task 'assembleDebug'... (completed in 4.3s)
[  +21 ms] "flutter apk" took 5,233ms.
[  +35 ms] Gradle task assembleDebug failed with exit code 1
[        ] 
           #0      throwToolExit (package:flutter_tools/src/base/common.dart:10:3)
           #1      AndroidGradleBuilder.buildGradleApp (package:flutter_tools/src/android/gradle.dart:500:9)
           <asynchronous suspension>
           #2      AndroidGradleBuilder.buildApk (package:flutter_tools/src/android/gradle.dart:224:5)
           <asynchronous suspension>
           #3      BuildApkCommand.runCommand (package:flutter_tools/src/commands/build_apk.dart:141:5)
           <asynchronous suspension>
           #4      FlutterCommand.run.<anonymous closure> (package:flutter_tools/src/runner/flutter_command.dart:1408:27)
           <asynchronous suspension>
           #5      AppContext.run.<anonymous closure> (package:flutter_tools/src/base/context.dart:153:19)
           <asynchronous suspension>
           #6      CommandRunner.runCommand (package:args/command_runner.dart:212:13)
           <asynchronous suspension>
           #7      FlutterCommandRunner.runCommand.<anonymous closure> (package:flutter_tools/src/runner/flutter_command_runner.dart:420:9)
           <asynchronous suspension>
           #8      AppContext.run.<anonymous closure> (package:flutter_tools/src/base/context.dart:153:19)
           <asynchronous suspension>
           #9      FlutterCommandRunner.runCommand (package:flutter_tools/src/runner/flutter_command_runner.dart:364:5)
           <asynchronous suspension>
           #10     run.<anonymous closure>.<anonymous closure> (package:flutter_tools/runner.dart:130:9)
           <asynchronous suspension>
           #11     AppContext.run.<anonymous closure> (package:flutter_tools/src/base/context.dart:153:19)
           <asynchronous suspension>
           #12     main (package:flutter_tools/executable.dart:93:3)
           <asynchronous suspension>


[  +78 ms] ensureAnalyticsSent: 77ms
[        ] Running 1 shutdown hook
[        ] Shutdown hooks complete
[  +76 ms] exiting with code 1
